{"level":"info","message":"API iniciada com sucesso","timestamp":"2024-10-20T17:05:10-03:00"}
{"level":"info","message":"Conexão com o banco de dados estabelecida com sucesso.","timestamp":"2024-10-20T17:05:10-03:00"}
{"level":"info","message":"API iniciada com sucesso","timestamp":"2024-10-20T17:14:54-03:00"}
{"level":"info","message":"Conexão com o banco de dados estabelecida com sucesso.","timestamp":"2024-10-20T17:14:54-03:00"}
{"level":"info","message":"Request: GET /localidades","timestamp":"2024-10-20T17:15:12-03:00"}
{"level":"info","message":"Consulta de localidade feita com sucesso.","timestamp":"2024-10-20T17:15:12-03:00"}
{"level":"info","message":"Request: POST /registro","timestamp":"2024-10-20T17:15:23-03:00"}
{"level":"info","message":"Request: GET /localidades","timestamp":"2024-10-20T17:15:42-03:00"}
{"level":"info","message":"Consulta de localidade feita com sucesso.","timestamp":"2024-10-20T17:15:43-03:00"}
{"level":"info","message":"Request: GET /localidades","timestamp":"2024-10-20T17:15:43-03:00"}
{"level":"info","message":"Consulta de localidade feita com sucesso.","timestamp":"2024-10-20T17:15:43-03:00"}
{"level":"info","message":"Request: GET /localidades","timestamp":"2024-10-20T17:15:44-03:00"}
{"level":"info","message":"Consulta de localidade feita com sucesso.","timestamp":"2024-10-20T17:15:44-03:00"}
{"level":"info","message":"Request: GET /localidades","timestamp":"2024-10-20T17:15:44-03:00"}
{"level":"info","message":"Consulta de localidade feita com sucesso.","timestamp":"2024-10-20T17:15:44-03:00"}
{"level":"info","message":"Request: GET /localidades","timestamp":"2024-10-20T17:15:44-03:00"}
{"level":"info","message":"Consulta de localidade feita com sucesso.","timestamp":"2024-10-20T17:15:44-03:00"}
{"level":"info","message":"Request: POST /registro","timestamp":"2024-10-20T17:16:03-03:00"}
{"level":"info","message":"Request: POST /registro","timestamp":"2024-10-20T17:16:44-03:00"}
{"level":"info","message":"Request: GET /localidades","timestamp":"2024-10-20T17:17:09-03:00"}
{"level":"info","message":"Consulta de localidade feita com sucesso.","timestamp":"2024-10-20T17:17:09-03:00"}
{"level":"info","message":"Request: POST /registro","timestamp":"2024-10-20T17:17:23-03:00"}
{"level":"info","message":"Request: POST /registro","timestamp":"2024-10-20T17:17:24-03:00"}
{"level":"info","message":"Request: POST /registro","timestamp":"2024-10-20T17:17:47-03:00"}
{"level":"info","message":"Request: POST /registro","timestamp":"2024-10-20T17:29:33-03:00"}
{"level":"info","message":"Request: GET /localidades","timestamp":"2024-10-20T17:29:52-03:00"}
{"level":"info","message":"Consulta de localidade feita com sucesso.","timestamp":"2024-10-20T17:29:52-03:00"}
{"level":"info","message":"Request: POST /registro","timestamp":"2024-10-20T17:29:56-03:00"}
{"level":"info","message":"Request: POST /registro","timestamp":"2024-10-20T17:29:57-03:00"}
{"level":"info","message":"API iniciada com sucesso","timestamp":"2024-10-20T18:17:26-03:00"}
{"level":"info","message":"Conexão com o banco de dados estabelecida com sucesso.","timestamp":"2024-10-20T18:17:26-03:00"}
{"level":"info","message":"Request: GET /localidades","timestamp":"2024-10-20T18:17:55-03:00"}
{"level":"info","message":"Consulta de localidade feita com sucesso.","timestamp":"2024-10-20T18:17:55-03:00"}
{"level":"info","message":"Request: POST /registro","timestamp":"2024-10-20T18:18:34-03:00"}
{"level":"info","message":"Request: GET /localidades","timestamp":"2024-10-20T18:26:59-03:00"}
{"level":"info","message":"Consulta de localidade feita com sucesso.","timestamp":"2024-10-20T18:26:59-03:00"}
{"level":"info","message":"Request: POST /registro","timestamp":"2024-10-20T18:27:23-03:00"}
{"level":"info","message":"Request: POST /registro","timestamp":"2024-10-20T18:27:43-03:00"}
{"level":"info","message":"Request: GET /localidades","timestamp":"2024-10-20T18:30:05-03:00"}
{"level":"info","message":"Consulta de localidade feita com sucesso.","timestamp":"2024-10-20T18:30:05-03:00"}
{"level":"info","message":"Request: GET /registro","timestamp":"2024-10-20T18:33:50-03:00"}
{"level":"info","message":"Request: GET /localidades","timestamp":"2024-10-20T18:34:23-03:00"}
{"level":"info","message":"Consulta de localidade feita com sucesso.","timestamp":"2024-10-20T18:34:24-03:00"}
{"level":"info","message":"Request: GET /favicon.ico","timestamp":"2024-10-20T18:34:24-03:00"}
{"level":"info","message":"Request: POST /registro","timestamp":"2024-10-20T18:36:35-03:00"}
{"level":"info","message":"API iniciada com sucesso","timestamp":"2024-10-20T18:48:26-03:00"}
{"level":"info","message":"Conexão com o banco de dados estabelecida com sucesso.","timestamp":"2024-10-20T18:48:26-03:00"}
{"level":"info","message":"Request: GET /localidades","timestamp":"2024-10-20T18:49:36-03:00"}
{"level":"info","message":"Consulta de localidade feita com sucesso.","timestamp":"2024-10-20T18:49:36-03:00"}
{"level":"info","message":"Request: POST /registro","timestamp":"2024-10-20T18:50:11-03:00"}
{"level":"info","message":"Inscrição geral criada com ID: 1 para a localidade: BELÉM","timestamp":"2024-10-20T18:50:11-03:00"}
{"level":"info","message":"Inserção feita na tabela inscricao_0_6 com ID de inscrição: 1","timestamp":"2024-10-20T18:50:11-03:00"}
{"level":"error","message":"Erro ao processar a inscrição: error: não existe a relação \"inscricao_7_12\"","timestamp":"2024-10-20T18:50:11-03:00"}
{"level":"info","message":"Request: POST /registro","timestamp":"2024-10-20T18:52:18-03:00"}
{"level":"info","message":"Inscrição geral criada com ID: 2 para a localidade: BELÉM","timestamp":"2024-10-20T18:52:19-03:00"}
{"level":"info","message":"Inserção feita na tabela inscricao_0_6 com ID de inscrição: 2","timestamp":"2024-10-20T18:52:19-03:00"}
{"level":"error","message":"Erro ao processar a inscrição: error: não existe a relação \"inscricao_7_12\"","timestamp":"2024-10-20T18:52:19-03:00"}
{"level":"info","message":"API iniciada com sucesso","timestamp":"2024-10-20T18:55:51-03:00"}
{"level":"info","message":"Conexão com o banco de dados estabelecida com sucesso.","timestamp":"2024-10-20T18:55:51-03:00"}
{"level":"info","message":"Request: GET /localidades","timestamp":"2024-10-20T18:56:08-03:00"}
{"level":"info","message":"Consulta de localidade feita com sucesso.","timestamp":"2024-10-20T18:56:08-03:00"}
{"level":"info","message":"Request: POST /registro","timestamp":"2024-10-20T18:56:22-03:00"}
{"level":"info","message":"Inscrição geral criada com ID: 3 para a localidade: BELÉM","timestamp":"2024-10-20T18:56:22-03:00"}
{"level":"info","message":"Inserção feita na tabela inscricao_0_6 com ID de inscrição: 3","timestamp":"2024-10-20T18:56:22-03:00"}
{"level":"info","message":"Inserção feita na tabela inscricao_7_12 com ID de inscrição: 3","timestamp":"2024-10-20T18:56:22-03:00"}
{"level":"info","message":"Inserção feita na tabela inscricao_13_acima com ID de inscrição: 3","timestamp":"2024-10-20T18:56:22-03:00"}
{"level":"info","message":"Nenhuma inscrição foi feita para o serviço (todos os valores são zero).","timestamp":"2024-10-20T18:56:22-03:00"}
{"level":"info","message":"Request: GET /localidades","timestamp":"2024-10-20T19:00:00-03:00"}
{"level":"info","message":"Consulta de localidade feita com sucesso.","timestamp":"2024-10-20T19:00:00-03:00"}
{"level":"info","message":"API iniciada com sucesso","timestamp":"2024-10-20T20:02:58-03:00"}
{"level":"info","message":"Conexão com o banco de dados estabelecida com sucesso.","timestamp":"2024-10-20T20:02:58-03:00"}
{"level":"info","message":"Request: GET /localidades","timestamp":"2024-10-20T20:03:13-03:00"}
{"level":"info","message":"Consulta de localidade feita com sucesso.","timestamp":"2024-10-20T20:03:13-03:00"}
{"level":"info","message":"Request: POST /registro","timestamp":"2024-10-20T20:06:17-03:00"}
{"level":"info","message":"Inscrição geral criada com ID: 4 para a localidade: BELÉM","timestamp":"2024-10-20T20:06:17-03:00"}
{"level":"info","message":"Inserção feita na tabela inscricao_0_6 com ID de inscrição: 4","timestamp":"2024-10-20T20:06:17-03:00"}
{"level":"info","message":"Inserção feita na tabela inscricao_7_10 com ID de inscrição: 4","timestamp":"2024-10-20T20:06:17-03:00"}
{"level":"info","message":"Inserção feita na tabela inscricao_10_acima com ID de inscrição: 4","timestamp":"2024-10-20T20:06:17-03:00"}
{"level":"info","message":"Inserção feita na tabela inscricao_servico com ID de inscrição: 4","timestamp":"2024-10-20T20:06:17-03:00"}
{"level":"info","message":"Request: POST /registro","timestamp":"2024-10-20T20:09:33-03:00"}
{"level":"info","message":"Inscrição geral criada com ID: 5 para a localidade: BELÉM","timestamp":"2024-10-20T20:09:33-03:00"}
{"level":"info","message":"Inserção feita na tabela inscricao_0_6 com ID de inscrição: 5","timestamp":"2024-10-20T20:09:33-03:00"}
{"level":"info","message":"Inserção feita na tabela inscricao_7_10 com ID de inscrição: 5","timestamp":"2024-10-20T20:09:33-03:00"}
{"level":"info","message":"Inserção feita na tabela inscricao_10_acima com ID de inscrição: 5","timestamp":"2024-10-20T20:09:33-03:00"}
{"level":"info","message":"Inserção feita na tabela inscricao_servico com ID de inscrição: 5","timestamp":"2024-10-20T20:09:33-03:00"}
{"level":"info","message":"Request: GET /localidades","timestamp":"2024-10-20T20:59:27-03:00"}
{"level":"info","message":"Consulta de localidade feita com sucesso.","timestamp":"2024-10-20T20:59:27-03:00"}
{"level":"info","message":"Request: GET /localidades","timestamp":"2024-10-20T21:05:16-03:00"}
{"level":"info","message":"Consulta de localidade feita com sucesso.","timestamp":"2024-10-20T21:05:16-03:00"}
{"level":"info","message":"Request: GET /localidades","timestamp":"2024-10-20T21:07:59-03:00"}
{"level":"info","message":"Consulta de localidade feita com sucesso.","timestamp":"2024-10-20T21:07:59-03:00"}
{"level":"info","message":"Request: GET /localidades","timestamp":"2024-10-20T21:08:35-03:00"}
{"level":"info","message":"Consulta de localidade feita com sucesso.","timestamp":"2024-10-20T21:08:35-03:00"}
{"level":"info","message":"Request: GET /","timestamp":"2024-10-20T21:09:50-03:00"}
{"level":"info","message":"Rota de boas-vindas acessada","timestamp":"2024-10-20T21:09:50-03:00"}
{"level":"info","message":"Request: GET /HNAP1/","timestamp":"2024-10-20T21:09:54-03:00"}
{"level":"info","message":"Request: GET /","timestamp":"2024-10-20T21:10:00-03:00"}
{"level":"info","message":"Rota de boas-vindas acessada","timestamp":"2024-10-20T21:10:00-03:00"}
{"level":"info","message":"Request: GET /localidades","timestamp":"2024-10-20T21:10:22-03:00"}
{"level":"info","message":"Consulta de localidade feita com sucesso.","timestamp":"2024-10-20T21:10:23-03:00"}
{"level":"info","message":"Request: POST /registro","timestamp":"2024-10-20T21:10:52-03:00"}
{"level":"info","message":"Inscrição geral criada com ID: 6 para a localidade: TERESINA","timestamp":"2024-10-20T21:10:52-03:00"}
{"level":"info","message":"Inserção feita na tabela inscricao_0_6 com ID de inscrição: 6","timestamp":"2024-10-20T21:10:52-03:00"}
{"level":"info","message":"Inserção feita na tabela inscricao_7_10 com ID de inscrição: 6","timestamp":"2024-10-20T21:10:52-03:00"}
{"level":"info","message":"Inserção feita na tabela inscricao_10_acima com ID de inscrição: 6","timestamp":"2024-10-20T21:10:52-03:00"}
{"level":"info","message":"Nenhuma inscrição foi feita para o serviço (todos os valores são zero).","timestamp":"2024-10-20T21:10:52-03:00"}
{"level":"info","message":"Request: POST /registro","timestamp":"2024-10-20T21:12:33-03:00"}
{"level":"info","message":"Inscrição geral criada com ID: 7 para a localidade: TERESINA","timestamp":"2024-10-20T21:12:33-03:00"}
{"level":"info","message":"Inserção feita na tabela inscricao_0_6 com ID de inscrição: 7","timestamp":"2024-10-20T21:12:33-03:00"}
{"level":"info","message":"Inserção feita na tabela inscricao_7_10 com ID de inscrição: 7","timestamp":"2024-10-20T21:12:33-03:00"}
{"level":"info","message":"Inserção feita na tabela inscricao_10_acima com ID de inscrição: 7","timestamp":"2024-10-20T21:12:33-03:00"}
{"level":"info","message":"Nenhuma inscrição foi feita para o serviço (todos os valores são zero).","timestamp":"2024-10-20T21:12:33-03:00"}
{"level":"info","message":"Request: POST /registro","timestamp":"2024-10-20T21:13:52-03:00"}
{"level":"info","message":"Inscrição geral criada com ID: 8 para a localidade: TERESINA","timestamp":"2024-10-20T21:13:52-03:00"}
{"level":"info","message":"Inserção feita na tabela inscricao_0_6 com ID de inscrição: 8","timestamp":"2024-10-20T21:13:52-03:00"}
{"level":"info","message":"Inserção feita na tabela inscricao_7_10 com ID de inscrição: 8","timestamp":"2024-10-20T21:13:52-03:00"}
{"level":"info","message":"Inserção feita na tabela inscricao_10_acima com ID de inscrição: 8","timestamp":"2024-10-20T21:13:52-03:00"}
{"level":"info","message":"Nenhuma inscrição foi feita para o serviço (todos os valores são zero).","timestamp":"2024-10-20T21:13:52-03:00"}
{"level":"info","message":"Request: GET /localidades","timestamp":"2024-10-20T21:13:52-03:00"}
{"level":"info","message":"Consulta de localidade feita com sucesso.","timestamp":"2024-10-20T21:13:52-03:00"}
{"level":"info","message":"Request: POST /registro","timestamp":"2024-10-20T21:14:14-03:00"}
{"level":"warn","message":"Localidade não encontrada: ","timestamp":"2024-10-20T21:14:14-03:00"}
{"level":"info","message":"Request: POST /registro","timestamp":"2024-10-20T21:38:48-03:00"}
{"level":"info","message":"Inscrição geral criada com ID: 9 para a localidade: DOM ELISEU","timestamp":"2024-10-20T21:38:48-03:00"}
{"level":"info","message":"Inserção feita na tabela inscricao_0_6 com ID de inscrição: 9","timestamp":"2024-10-20T21:38:48-03:00"}
{"level":"info","message":"Inserção feita na tabela inscricao_7_10 com ID de inscrição: 9","timestamp":"2024-10-20T21:38:48-03:00"}
{"level":"info","message":"Inserção feita na tabela inscricao_10_acima com ID de inscrição: 9","timestamp":"2024-10-20T21:38:48-03:00"}
{"level":"info","message":"Nenhuma inscrição foi feita para o serviço (todos os valores são zero).","timestamp":"2024-10-20T21:38:48-03:00"}
{"level":"info","message":"Request: POST /registro","timestamp":"2024-10-20T21:38:53-03:00"}
{"level":"info","message":"Inscrição geral criada com ID: 10 para a localidade: DOM ELISEU","timestamp":"2024-10-20T21:38:53-03:00"}
{"level":"info","message":"Inserção feita na tabela inscricao_0_6 com ID de inscrição: 10","timestamp":"2024-10-20T21:38:53-03:00"}
{"level":"info","message":"Inserção feita na tabela inscricao_7_10 com ID de inscrição: 10","timestamp":"2024-10-20T21:38:53-03:00"}
{"level":"info","message":"Inserção feita na tabela inscricao_10_acima com ID de inscrição: 10","timestamp":"2024-10-20T21:38:53-03:00"}
{"level":"info","message":"Nenhuma inscrição foi feita para o serviço (todos os valores são zero).","timestamp":"2024-10-20T21:38:53-03:00"}
{"level":"info","message":"Request: GET /localidades","timestamp":"2024-10-20T21:39:07-03:00"}
{"level":"info","message":"Consulta de localidade feita com sucesso.","timestamp":"2024-10-20T21:39:07-03:00"}
{"level":"info","message":"Request: POST /registro","timestamp":"2024-10-20T21:39:19-03:00"}
{"level":"warn","message":"Localidade não encontrada: ","timestamp":"2024-10-20T21:39:19-03:00"}
{"level":"info","message":"Request: POST /registro","timestamp":"2024-10-20T21:39:22-03:00"}
{"level":"warn","message":"Localidade não encontrada: ","timestamp":"2024-10-20T21:39:22-03:00"}
{"level":"info","message":"Request: POST /registro","timestamp":"2024-10-20T21:39:28-03:00"}
{"level":"warn","message":"Localidade não encontrada: ","timestamp":"2024-10-20T21:39:28-03:00"}
{"level":"info","message":"Request: POST /registro","timestamp":"2024-10-20T22:47:34-03:00"}
{"level":"warn","message":"Localidade não encontrada: ","timestamp":"2024-10-20T22:47:35-03:00"}
{"level":"info","message":"Request: POST /registro","timestamp":"2024-10-20T22:47:45-03:00"}
{"level":"warn","message":"Localidade não encontrada: ","timestamp":"2024-10-20T22:47:45-03:00"}
{"level":"info","message":"Request: POST /registro","timestamp":"2024-10-20T22:47:47-03:00"}
{"level":"warn","message":"Localidade não encontrada: ","timestamp":"2024-10-20T22:47:47-03:00"}
{"level":"info","message":"Request: POST /registro","timestamp":"2024-10-20T22:47:52-03:00"}
{"level":"warn","message":"Localidade não encontrada: ","timestamp":"2024-10-20T22:47:52-03:00"}
{"level":"info","message":"Request: POST /registro","timestamp":"2024-10-20T22:48:54-03:00"}
{"level":"warn","message":"Localidade não encontrada: ","timestamp":"2024-10-20T22:48:54-03:00"}
{"level":"info","message":"Request: GET /localidades","timestamp":"2024-10-20T22:49:59-03:00"}
{"level":"info","message":"Consulta de localidade feita com sucesso.","timestamp":"2024-10-20T22:49:59-03:00"}
{"level":"info","message":"Request: GET /localidades","timestamp":"2024-10-20T22:50:17-03:00"}
{"level":"info","message":"Consulta de localidade feita com sucesso.","timestamp":"2024-10-20T22:50:18-03:00"}
{"level":"info","message":"Request: GET /localidades","timestamp":"2024-10-20T22:50:38-03:00"}
{"level":"info","message":"Consulta de localidade feita com sucesso.","timestamp":"2024-10-20T22:50:38-03:00"}
{"level":"info","message":"Request: GET /localidades","timestamp":"2024-10-20T22:50:39-03:00"}
{"level":"info","message":"Consulta de localidade feita com sucesso.","timestamp":"2024-10-20T22:50:39-03:00"}
{"level":"info","message":"Request: GET /localidades","timestamp":"2024-10-20T22:50:43-03:00"}
{"level":"info","message":"Consulta de localidade feita com sucesso.","timestamp":"2024-10-20T22:50:43-03:00"}
{"level":"info","message":"Request: GET /localidades","timestamp":"2024-10-20T22:51:12-03:00"}
{"level":"info","message":"Consulta de localidade feita com sucesso.","timestamp":"2024-10-20T22:51:12-03:00"}
{"level":"info","message":"Request: GET /localidades","timestamp":"2024-10-20T22:51:44-03:00"}
{"level":"info","message":"Consulta de localidade feita com sucesso.","timestamp":"2024-10-20T22:51:44-03:00"}
{"level":"info","message":"Request: GET /localidades","timestamp":"2024-10-20T22:52:01-03:00"}
{"level":"info","message":"Consulta de localidade feita com sucesso.","timestamp":"2024-10-20T22:52:01-03:00"}
{"level":"info","message":"Request: GET /localidades","timestamp":"2024-10-20T22:52:05-03:00"}
{"level":"info","message":"Consulta de localidade feita com sucesso.","timestamp":"2024-10-20T22:52:05-03:00"}
{"level":"info","message":"Request: POST /registro","timestamp":"2024-10-20T22:52:09-03:00"}
{"level":"warn","message":"Localidade não encontrada: ","timestamp":"2024-10-20T22:52:09-03:00"}
{"level":"info","message":"Request: POST /registro","timestamp":"2024-10-20T22:52:28-03:00"}
{"level":"info","message":"Inscrição geral criada com ID: 11 para a localidade: SÃO DOMINGOS DO ARAGUAIA","timestamp":"2024-10-20T22:52:28-03:00"}
{"level":"info","message":"Inserção feita na tabela inscricao_0_6 com ID de inscrição: 11","timestamp":"2024-10-20T22:52:28-03:00"}
{"level":"info","message":"Inserção feita na tabela inscricao_7_10 com ID de inscrição: 11","timestamp":"2024-10-20T22:52:29-03:00"}
{"level":"info","message":"Inserção feita na tabela inscricao_10_acima com ID de inscrição: 11","timestamp":"2024-10-20T22:52:29-03:00"}
{"level":"info","message":"Nenhuma inscrição foi feita para o serviço (todos os valores são zero).","timestamp":"2024-10-20T22:52:29-03:00"}
{"level":"info","message":"Request: GET /localidades","timestamp":"2024-10-20T22:52:32-03:00"}
{"level":"info","message":"Consulta de localidade feita com sucesso.","timestamp":"2024-10-20T22:52:32-03:00"}
{"level":"info","message":"Request: POST /registro","timestamp":"2024-10-20T22:53:18-03:00"}
{"level":"info","message":"Inscrição geral criada com ID: 12 para a localidade: BACABAL","timestamp":"2024-10-20T22:53:18-03:00"}
{"level":"info","message":"Inserção feita na tabela inscricao_0_6 com ID de inscrição: 12","timestamp":"2024-10-20T22:53:18-03:00"}
{"level":"info","message":"Inserção feita na tabela inscricao_7_10 com ID de inscrição: 12","timestamp":"2024-10-20T22:53:18-03:00"}
{"level":"info","message":"Inserção feita na tabela inscricao_10_acima com ID de inscrição: 12","timestamp":"2024-10-20T22:53:18-03:00"}
{"level":"info","message":"Nenhuma inscrição foi feita para o serviço (todos os valores são zero).","timestamp":"2024-10-20T22:53:18-03:00"}
{"level":"info","message":"Request: POST /registro","timestamp":"2024-10-20T22:53:20-03:00"}
{"level":"info","message":"Inscrição geral criada com ID: 13 para a localidade: BACABAL","timestamp":"2024-10-20T22:53:20-03:00"}
{"level":"info","message":"Inserção feita na tabela inscricao_0_6 com ID de inscrição: 13","timestamp":"2024-10-20T22:53:20-03:00"}
{"level":"info","message":"Inserção feita na tabela inscricao_7_10 com ID de inscrição: 13","timestamp":"2024-10-20T22:53:20-03:00"}
{"level":"info","message":"Inserção feita na tabela inscricao_10_acima com ID de inscrição: 13","timestamp":"2024-10-20T22:53:20-03:00"}
{"level":"info","message":"Nenhuma inscrição foi feita para o serviço (todos os valores são zero).","timestamp":"2024-10-20T22:53:20-03:00"}
{"level":"info","message":"Request: POST /registro","timestamp":"2024-10-20T22:53:20-03:00"}
{"level":"info","message":"Inscrição geral criada com ID: 14 para a localidade: BACABAL","timestamp":"2024-10-20T22:53:20-03:00"}
{"level":"info","message":"Inserção feita na tabela inscricao_0_6 com ID de inscrição: 14","timestamp":"2024-10-20T22:53:20-03:00"}
{"level":"info","message":"Inserção feita na tabela inscricao_7_10 com ID de inscrição: 14","timestamp":"2024-10-20T22:53:20-03:00"}
{"level":"info","message":"Inserção feita na tabela inscricao_10_acima com ID de inscrição: 14","timestamp":"2024-10-20T22:53:20-03:00"}
{"level":"info","message":"Nenhuma inscrição foi feita para o serviço (todos os valores são zero).","timestamp":"2024-10-20T22:53:20-03:00"}
{"level":"info","message":"Request: POST /registro","timestamp":"2024-10-20T22:53:21-03:00"}
{"level":"info","message":"Inscrição geral criada com ID: 15 para a localidade: BACABAL","timestamp":"2024-10-20T22:53:21-03:00"}
{"level":"info","message":"Inserção feita na tabela inscricao_0_6 com ID de inscrição: 15","timestamp":"2024-10-20T22:53:21-03:00"}
{"level":"info","message":"Inserção feita na tabela inscricao_7_10 com ID de inscrição: 15","timestamp":"2024-10-20T22:53:21-03:00"}
{"level":"info","message":"Inserção feita na tabela inscricao_10_acima com ID de inscrição: 15","timestamp":"2024-10-20T22:53:21-03:00"}
{"level":"info","message":"Nenhuma inscrição foi feita para o serviço (todos os valores são zero).","timestamp":"2024-10-20T22:53:21-03:00"}
{"level":"info","message":"Request: POST /registro","timestamp":"2024-10-20T22:53:21-03:00"}
{"level":"info","message":"Inscrição geral criada com ID: 16 para a localidade: BACABAL","timestamp":"2024-10-20T22:53:21-03:00"}
{"level":"info","message":"Inserção feita na tabela inscricao_0_6 com ID de inscrição: 16","timestamp":"2024-10-20T22:53:21-03:00"}
{"level":"info","message":"Inserção feita na tabela inscricao_7_10 com ID de inscrição: 16","timestamp":"2024-10-20T22:53:21-03:00"}
{"level":"info","message":"Inserção feita na tabela inscricao_10_acima com ID de inscrição: 16","timestamp":"2024-10-20T22:53:21-03:00"}
{"level":"info","message":"Nenhuma inscrição foi feita para o serviço (todos os valores são zero).","timestamp":"2024-10-20T22:53:21-03:00"}
{"level":"info","message":"Request: POST /registro","timestamp":"2024-10-20T22:53:21-03:00"}
{"level":"info","message":"Inscrição geral criada com ID: 17 para a localidade: BACABAL","timestamp":"2024-10-20T22:53:21-03:00"}
{"level":"info","message":"Inserção feita na tabela inscricao_0_6 com ID de inscrição: 17","timestamp":"2024-10-20T22:53:21-03:00"}
{"level":"info","message":"Inserção feita na tabela inscricao_7_10 com ID de inscrição: 17","timestamp":"2024-10-20T22:53:21-03:00"}
{"level":"info","message":"Inserção feita na tabela inscricao_10_acima com ID de inscrição: 17","timestamp":"2024-10-20T22:53:21-03:00"}
{"level":"info","message":"Nenhuma inscrição foi feita para o serviço (todos os valores são zero).","timestamp":"2024-10-20T22:53:21-03:00"}
{"level":"info","message":"Request: GET /localidades","timestamp":"2024-10-20T22:57:21-03:00"}
{"level":"info","message":"Consulta de localidade feita com sucesso.","timestamp":"2024-10-20T22:57:21-03:00"}
{"level":"info","message":"Request: GET /localidades","timestamp":"2024-10-20T22:58:46-03:00"}
{"level":"info","message":"Consulta de localidade feita com sucesso.","timestamp":"2024-10-20T22:58:46-03:00"}
{"level":"info","message":"Request: GET /localidades","timestamp":"2024-10-20T22:58:47-03:00"}
{"level":"info","message":"Consulta de localidade feita com sucesso.","timestamp":"2024-10-20T22:58:47-03:00"}
{"level":"info","message":"Request: GET /localidades","timestamp":"2024-10-20T22:59:42-03:00"}
{"level":"info","message":"Consulta de localidade feita com sucesso.","timestamp":"2024-10-20T22:59:42-03:00"}
{"level":"info","message":"Request: GET /localidades","timestamp":"2024-10-20T23:00:09-03:00"}
{"level":"info","message":"Consulta de localidade feita com sucesso.","timestamp":"2024-10-20T23:00:09-03:00"}
{"level":"info","message":"Request: POST /registro","timestamp":"2024-10-20T23:00:50-03:00"}
{"level":"info","message":"Inscrição geral criada com ID: 18 para a localidade: CASTANHAL","timestamp":"2024-10-20T23:00:50-03:00"}
{"level":"info","message":"Inserção feita na tabela inscricao_0_6 com ID de inscrição: 18","timestamp":"2024-10-20T23:00:50-03:00"}
{"level":"info","message":"Inserção feita na tabela inscricao_7_10 com ID de inscrição: 18","timestamp":"2024-10-20T23:00:50-03:00"}
{"level":"info","message":"Inserção feita na tabela inscricao_10_acima com ID de inscrição: 18","timestamp":"2024-10-20T23:00:50-03:00"}
{"level":"info","message":"Nenhuma inscrição foi feita para o serviço (todos os valores são zero).","timestamp":"2024-10-20T23:00:50-03:00"}
{"level":"info","message":"Request: POST /registro","timestamp":"2024-10-20T23:01:40-03:00"}
{"level":"info","message":"Inscrição geral criada com ID: 19 para a localidade: CASTANHAL","timestamp":"2024-10-20T23:01:40-03:00"}
{"level":"info","message":"Inserção feita na tabela inscricao_0_6 com ID de inscrição: 19","timestamp":"2024-10-20T23:01:40-03:00"}
{"level":"info","message":"Inserção feita na tabela inscricao_7_10 com ID de inscrição: 19","timestamp":"2024-10-20T23:01:40-03:00"}
{"level":"info","message":"Inserção feita na tabela inscricao_10_acima com ID de inscrição: 19","timestamp":"2024-10-20T23:01:40-03:00"}
{"level":"info","message":"Nenhuma inscrição foi feita para o serviço (todos os valores são zero).","timestamp":"2024-10-20T23:01:40-03:00"}
{"level":"info","message":"Request: POST /registro","timestamp":"2024-10-20T23:01:43-03:00"}
{"level":"info","message":"Inscrição geral criada com ID: 20 para a localidade: CASTANHAL","timestamp":"2024-10-20T23:01:43-03:00"}
{"level":"info","message":"Inserção feita na tabela inscricao_0_6 com ID de inscrição: 20","timestamp":"2024-10-20T23:01:43-03:00"}
{"level":"info","message":"Inserção feita na tabela inscricao_7_10 com ID de inscrição: 20","timestamp":"2024-10-20T23:01:43-03:00"}
{"level":"info","message":"Inserção feita na tabela inscricao_10_acima com ID de inscrição: 20","timestamp":"2024-10-20T23:01:43-03:00"}
{"level":"info","message":"Nenhuma inscrição foi feita para o serviço (todos os valores são zero).","timestamp":"2024-10-20T23:01:43-03:00"}
{"level":"info","message":"Request: POST /registro","timestamp":"2024-10-20T23:01:45-03:00"}
{"level":"info","message":"Inscrição geral criada com ID: 21 para a localidade: CASTANHAL","timestamp":"2024-10-20T23:01:45-03:00"}
{"level":"info","message":"Inserção feita na tabela inscricao_0_6 com ID de inscrição: 21","timestamp":"2024-10-20T23:01:45-03:00"}
{"level":"info","message":"Inserção feita na tabela inscricao_7_10 com ID de inscrição: 21","timestamp":"2024-10-20T23:01:45-03:00"}
{"level":"info","message":"Inserção feita na tabela inscricao_10_acima com ID de inscrição: 21","timestamp":"2024-10-20T23:01:45-03:00"}
{"level":"info","message":"Nenhuma inscrição foi feita para o serviço (todos os valores são zero).","timestamp":"2024-10-20T23:01:45-03:00"}
{"level":"info","message":"Request: POST /registro","timestamp":"2024-10-20T23:01:57-03:00"}
{"level":"info","message":"Inscrição geral criada com ID: 22 para a localidade: CASTANHAL","timestamp":"2024-10-20T23:01:57-03:00"}
{"level":"info","message":"Inserção feita na tabela inscricao_0_6 com ID de inscrição: 22","timestamp":"2024-10-20T23:01:57-03:00"}
{"level":"info","message":"Inserção feita na tabela inscricao_7_10 com ID de inscrição: 22","timestamp":"2024-10-20T23:01:57-03:00"}
{"level":"info","message":"Inserção feita na tabela inscricao_10_acima com ID de inscrição: 22","timestamp":"2024-10-20T23:01:57-03:00"}
{"level":"info","message":"Nenhuma inscrição foi feita para o serviço (todos os valores são zero).","timestamp":"2024-10-20T23:01:57-03:00"}
{"level":"info","message":"Request: GET /localidades","timestamp":"2024-10-20T23:02:25-03:00"}
{"level":"info","message":"Consulta de localidade feita com sucesso.","timestamp":"2024-10-20T23:02:25-03:00"}
{"level":"info","message":"Request: POST /registro","timestamp":"2024-10-20T23:02:30-03:00"}
{"level":"warn","message":"Localidade não encontrada: ","timestamp":"2024-10-20T23:02:30-03:00"}
{"level":"info","message":"Request: POST /registro","timestamp":"2024-10-20T23:03:20-03:00"}
{"level":"info","message":"Inscrição geral criada com ID: 23 para a localidade: TERESINA","timestamp":"2024-10-20T23:03:20-03:00"}
{"level":"info","message":"Inserção feita na tabela inscricao_0_6 com ID de inscrição: 23","timestamp":"2024-10-20T23:03:20-03:00"}
{"level":"info","message":"Inserção feita na tabela inscricao_7_10 com ID de inscrição: 23","timestamp":"2024-10-20T23:03:20-03:00"}
{"level":"info","message":"Inserção feita na tabela inscricao_10_acima com ID de inscrição: 23","timestamp":"2024-10-20T23:03:20-03:00"}
{"level":"info","message":"Nenhuma inscrição foi feita para o serviço (todos os valores são zero).","timestamp":"2024-10-20T23:03:20-03:00"}
{"level":"info","message":"Request: POST /registro","timestamp":"2024-10-20T23:03:57-03:00"}
{"level":"info","message":"Inscrição geral criada com ID: 24 para a localidade: TERESINA","timestamp":"2024-10-20T23:03:57-03:00"}
{"level":"info","message":"Inserção feita na tabela inscricao_0_6 com ID de inscrição: 24","timestamp":"2024-10-20T23:03:57-03:00"}
{"level":"info","message":"Inserção feita na tabela inscricao_7_10 com ID de inscrição: 24","timestamp":"2024-10-20T23:03:57-03:00"}
{"level":"info","message":"Inserção feita na tabela inscricao_10_acima com ID de inscrição: 24","timestamp":"2024-10-20T23:03:57-03:00"}
{"level":"info","message":"Nenhuma inscrição foi feita para o serviço (todos os valores são zero).","timestamp":"2024-10-20T23:03:57-03:00"}
{"level":"info","message":"Request: GET /localidades","timestamp":"2024-10-20T23:06:08-03:00"}
{"level":"info","message":"Consulta de localidade feita com sucesso.","timestamp":"2024-10-20T23:06:08-03:00"}
{"level":"info","message":"Request: GET /localidades","timestamp":"2024-10-20T23:06:28-03:00"}
{"level":"info","message":"Consulta de localidade feita com sucesso.","timestamp":"2024-10-20T23:06:28-03:00"}
{"level":"info","message":"Request: GET /localidades","timestamp":"2024-10-20T23:06:34-03:00"}
{"level":"info","message":"Consulta de localidade feita com sucesso.","timestamp":"2024-10-20T23:06:34-03:00"}
{"level":"info","message":"Request: GET /localidades","timestamp":"2024-10-20T23:07:01-03:00"}
{"level":"info","message":"Consulta de localidade feita com sucesso.","timestamp":"2024-10-20T23:07:01-03:00"}
{"level":"info","message":"Request: POST /registro","timestamp":"2024-10-20T23:07:22-03:00"}
{"level":"info","message":"Inscrição geral criada com ID: 25 para a localidade: BARÃO DE GRAJAÚ","timestamp":"2024-10-20T23:07:22-03:00"}
{"level":"info","message":"Inserção feita na tabela inscricao_0_6 com ID de inscrição: 25","timestamp":"2024-10-20T23:07:22-03:00"}
{"level":"info","message":"Inserção feita na tabela inscricao_7_10 com ID de inscrição: 25","timestamp":"2024-10-20T23:07:22-03:00"}
{"level":"info","message":"Inserção feita na tabela inscricao_10_acima com ID de inscrição: 25","timestamp":"2024-10-20T23:07:22-03:00"}
{"level":"info","message":"Nenhuma inscrição foi feita para o serviço (todos os valores são zero).","timestamp":"2024-10-20T23:07:22-03:00"}
{"level":"info","message":"Request: POST /registro","timestamp":"2024-10-20T23:08:08-03:00"}
{"level":"info","message":"Inscrição geral criada com ID: 26 para a localidade: BARÃO DE GRAJAÚ","timestamp":"2024-10-20T23:08:08-03:00"}
{"level":"info","message":"Inserção feita na tabela inscricao_0_6 com ID de inscrição: 26","timestamp":"2024-10-20T23:08:08-03:00"}
{"level":"info","message":"Inserção feita na tabela inscricao_7_10 com ID de inscrição: 26","timestamp":"2024-10-20T23:08:08-03:00"}
{"level":"info","message":"Inserção feita na tabela inscricao_10_acima com ID de inscrição: 26","timestamp":"2024-10-20T23:08:08-03:00"}
{"level":"info","message":"Nenhuma inscrição foi feita para o serviço (todos os valores são zero).","timestamp":"2024-10-20T23:08:08-03:00"}
{"level":"info","message":"Request: POST /registro","timestamp":"2024-10-20T23:08:09-03:00"}
{"level":"info","message":"Inscrição geral criada com ID: 27 para a localidade: BARÃO DE GRAJAÚ","timestamp":"2024-10-20T23:08:09-03:00"}
{"level":"info","message":"Inserção feita na tabela inscricao_0_6 com ID de inscrição: 27","timestamp":"2024-10-20T23:08:09-03:00"}
{"level":"info","message":"Inserção feita na tabela inscricao_7_10 com ID de inscrição: 27","timestamp":"2024-10-20T23:08:09-03:00"}
{"level":"info","message":"Inserção feita na tabela inscricao_10_acima com ID de inscrição: 27","timestamp":"2024-10-20T23:08:09-03:00"}
{"level":"info","message":"Nenhuma inscrição foi feita para o serviço (todos os valores são zero).","timestamp":"2024-10-20T23:08:09-03:00"}
{"level":"info","message":"Request: POST /registro","timestamp":"2024-10-20T23:08:13-03:00"}
{"level":"info","message":"Inscrição geral criada com ID: 28 para a localidade: BARÃO DE GRAJAÚ","timestamp":"2024-10-20T23:08:13-03:00"}
{"level":"info","message":"Inserção feita na tabela inscricao_0_6 com ID de inscrição: 28","timestamp":"2024-10-20T23:08:13-03:00"}
{"level":"info","message":"Inserção feita na tabela inscricao_7_10 com ID de inscrição: 28","timestamp":"2024-10-20T23:08:13-03:00"}
{"level":"info","message":"Inserção feita na tabela inscricao_10_acima com ID de inscrição: 28","timestamp":"2024-10-20T23:08:13-03:00"}
{"level":"info","message":"Nenhuma inscrição foi feita para o serviço (todos os valores são zero).","timestamp":"2024-10-20T23:08:13-03:00"}
{"level":"info","message":"Request: GET /localidades","timestamp":"2024-10-20T23:10:33-03:00"}
{"level":"info","message":"Consulta de localidade feita com sucesso.","timestamp":"2024-10-20T23:10:33-03:00"}
{"level":"info","message":"Request: POST /registro","timestamp":"2024-10-20T23:10:45-03:00"}
{"level":"info","message":"Inscrição geral criada com ID: 29 para a localidade: BACABAL","timestamp":"2024-10-20T23:10:45-03:00"}
{"level":"info","message":"Inserção feita na tabela inscricao_0_6 com ID de inscrição: 29","timestamp":"2024-10-20T23:10:45-03:00"}
{"level":"info","message":"Inserção feita na tabela inscricao_7_10 com ID de inscrição: 29","timestamp":"2024-10-20T23:10:45-03:00"}
{"level":"info","message":"Inserção feita na tabela inscricao_10_acima com ID de inscrição: 29","timestamp":"2024-10-20T23:10:45-03:00"}
{"level":"info","message":"Nenhuma inscrição foi feita para o serviço (todos os valores são zero).","timestamp":"2024-10-20T23:10:45-03:00"}
{"level":"info","message":"Request: POST /registro","timestamp":"2024-10-20T23:10:56-03:00"}
{"level":"info","message":"Inscrição geral criada com ID: 30 para a localidade: BACABAL","timestamp":"2024-10-20T23:10:56-03:00"}
{"level":"info","message":"Inserção feita na tabela inscricao_0_6 com ID de inscrição: 30","timestamp":"2024-10-20T23:10:56-03:00"}
{"level":"info","message":"Inserção feita na tabela inscricao_7_10 com ID de inscrição: 30","timestamp":"2024-10-20T23:10:56-03:00"}
{"level":"info","message":"Inserção feita na tabela inscricao_10_acima com ID de inscrição: 30","timestamp":"2024-10-20T23:10:56-03:00"}
{"level":"info","message":"Nenhuma inscrição foi feita para o serviço (todos os valores são zero).","timestamp":"2024-10-20T23:10:56-03:00"}
{"level":"info","message":"Request: GET /localidades","timestamp":"2024-10-20T23:10:58-03:00"}
{"level":"info","message":"Consulta de localidade feita com sucesso.","timestamp":"2024-10-20T23:10:58-03:00"}
{"level":"info","message":"Request: POST /registro","timestamp":"2024-10-20T23:11:21-03:00"}
{"level":"info","message":"Inscrição geral criada com ID: 31 para a localidade: RAPOSA","timestamp":"2024-10-20T23:11:21-03:00"}
{"level":"info","message":"Inserção feita na tabela inscricao_0_6 com ID de inscrição: 31","timestamp":"2024-10-20T23:11:21-03:00"}
{"level":"info","message":"Inserção feita na tabela inscricao_7_10 com ID de inscrição: 31","timestamp":"2024-10-20T23:11:21-03:00"}
{"level":"info","message":"Inserção feita na tabela inscricao_10_acima com ID de inscrição: 31","timestamp":"2024-10-20T23:11:21-03:00"}
{"level":"info","message":"Nenhuma inscrição foi feita para o serviço (todos os valores são zero).","timestamp":"2024-10-20T23:11:21-03:00"}
{"level":"info","message":"API iniciada com sucesso","timestamp":"2024-10-20T23:11:54-03:00"}
{"level":"info","message":"Conexão com o banco de dados estabelecida com sucesso.","timestamp":"2024-10-20T23:11:54-03:00"}
{"level":"info","message":"Request: POST /registro","timestamp":"2024-10-20T23:11:54-03:00"}
{"level":"info","message":"Inscrição geral criada com ID: 32 para a localidade: RAPOSA","timestamp":"2024-10-20T23:11:54-03:00"}
{"level":"info","message":"Inserção feita na tabela inscricao_0_6 com ID de inscrição: 32","timestamp":"2024-10-20T23:11:54-03:00"}
{"level":"info","message":"Inserção feita na tabela inscricao_7_10 com ID de inscrição: 32","timestamp":"2024-10-20T23:11:54-03:00"}
{"level":"info","message":"Inserção feita na tabela inscricao_10_acima com ID de inscrição: 32","timestamp":"2024-10-20T23:11:54-03:00"}
{"level":"info","message":"Nenhuma inscrição foi feita para o serviço (todos os valores são zero).","timestamp":"2024-10-20T23:11:54-03:00"}
{"level":"info","message":"Request: POST /registro","timestamp":"2024-10-20T23:11:58-03:00"}
{"level":"info","message":"Inscrição geral criada com ID: 33 para a localidade: RAPOSA","timestamp":"2024-10-20T23:11:58-03:00"}
{"level":"info","message":"Inserção feita na tabela inscricao_0_6 com ID de inscrição: 33","timestamp":"2024-10-20T23:11:58-03:00"}
{"level":"info","message":"Inserção feita na tabela inscricao_7_10 com ID de inscrição: 33","timestamp":"2024-10-20T23:11:58-03:00"}
{"level":"info","message":"Inserção feita na tabela inscricao_10_acima com ID de inscrição: 33","timestamp":"2024-10-20T23:11:58-03:00"}
{"level":"info","message":"Nenhuma inscrição foi feita para o serviço (todos os valores são zero).","timestamp":"2024-10-20T23:11:58-03:00"}
{"level":"info","message":"API iniciada com sucesso","timestamp":"2024-10-20T23:13:10-03:00"}
{"level":"info","message":"Request: POST /registro","timestamp":"2024-10-20T23:13:10-03:00"}
{"level":"info","message":"Inscrição geral criada com ID: 34 para a localidade: RAPOSA","timestamp":"2024-10-20T23:13:10-03:00"}
{"level":"info","message":"Inserção feita na tabela inscricao_0_6 com ID de inscrição: 34","timestamp":"2024-10-20T23:13:10-03:00"}
{"level":"info","message":"Inserção feita na tabela inscricao_7_10 com ID de inscrição: 34","timestamp":"2024-10-20T23:13:10-03:00"}
{"level":"info","message":"Inserção feita na tabela inscricao_10_acima com ID de inscrição: 34","timestamp":"2024-10-20T23:13:10-03:00"}
{"level":"info","message":"Nenhuma inscrição foi feita para o serviço (todos os valores são zero).","timestamp":"2024-10-20T23:13:10-03:00"}
{"level":"info","message":"Conexão com o banco de dados estabelecida com sucesso.","timestamp":"2024-10-20T23:13:10-03:00"}
{"level":"info","message":"Request: POST /registro","timestamp":"2024-10-20T23:13:22-03:00"}
{"level":"info","message":"Inscrição geral criada com ID: 35 para a localidade: RAPOSA","timestamp":"2024-10-20T23:13:22-03:00"}
{"level":"info","message":"Inserção feita na tabela inscricao_0_6 com ID de inscrição: 35","timestamp":"2024-10-20T23:13:22-03:00"}
{"level":"info","message":"Inserção feita na tabela inscricao_7_10 com ID de inscrição: 35","timestamp":"2024-10-20T23:13:22-03:00"}
{"level":"info","message":"Inserção feita na tabela inscricao_10_acima com ID de inscrição: 35","timestamp":"2024-10-20T23:13:22-03:00"}
{"level":"info","message":"Nenhuma inscrição foi feita para o serviço (todos os valores são zero).","timestamp":"2024-10-20T23:13:22-03:00"}
{"level":"info","message":"Request: POST /registro","timestamp":"2024-10-20T23:13:34-03:00"}
{"level":"info","message":"Inscrição geral criada com ID: 36 para a localidade: ABAETETUBA","timestamp":"2024-10-20T23:13:34-03:00"}
{"level":"info","message":"Inserção feita na tabela inscricao_0_6 com ID de inscrição: 36","timestamp":"2024-10-20T23:13:34-03:00"}
{"level":"info","message":"Inserção feita na tabela inscricao_7_10 com ID de inscrição: 36","timestamp":"2024-10-20T23:13:34-03:00"}
{"level":"info","message":"Inserção feita na tabela inscricao_10_acima com ID de inscrição: 36","timestamp":"2024-10-20T23:13:34-03:00"}
{"level":"info","message":"Nenhuma inscrição foi feita para o serviço (todos os valores são zero).","timestamp":"2024-10-20T23:13:34-03:00"}
{"level":"info","message":"Request: POST /registro","timestamp":"2024-10-20T23:13:59-03:00"}
{"level":"info","message":"Inscrição geral criada com ID: 37 para a localidade: ABAETETUBA","timestamp":"2024-10-20T23:13:59-03:00"}
{"level":"info","message":"Inserção feita na tabela inscricao_0_6 com ID de inscrição: 37","timestamp":"2024-10-20T23:13:59-03:00"}
{"level":"info","message":"Inserção feita na tabela inscricao_7_10 com ID de inscrição: 37","timestamp":"2024-10-20T23:13:59-03:00"}
{"level":"info","message":"Inserção feita na tabela inscricao_10_acima com ID de inscrição: 37","timestamp":"2024-10-20T23:13:59-03:00"}
{"level":"info","message":"Nenhuma inscrição foi feita para o serviço (todos os valores são zero).","timestamp":"2024-10-20T23:13:59-03:00"}
{"level":"info","message":"Request: GET /localidades","timestamp":"2024-10-20T23:14:28-03:00"}
{"level":"info","message":"Consulta de localidade feita com sucesso.","timestamp":"2024-10-20T23:14:28-03:00"}
{"level":"info","message":"Request: POST /registro","timestamp":"2024-10-20T23:14:32-03:00"}
{"level":"warn","message":"Localidade não encontrada: ","timestamp":"2024-10-20T23:14:32-03:00"}
{"level":"info","message":"Request: GET /localidades","timestamp":"2024-10-20T23:17:51-03:00"}
{"level":"info","message":"Consulta de localidade feita com sucesso.","timestamp":"2024-10-20T23:17:51-03:00"}
{"level":"info","message":"Request: GET /localidades","timestamp":"2024-10-20T23:17:59-03:00"}
{"level":"info","message":"Consulta de localidade feita com sucesso.","timestamp":"2024-10-20T23:17:59-03:00"}
{"level":"info","message":"Request: GET /localidades","timestamp":"2024-10-20T23:19:43-03:00"}
{"level":"info","message":"Consulta de localidade feita com sucesso.","timestamp":"2024-10-20T23:19:43-03:00"}
{"level":"info","message":"Request: POST /registro","timestamp":"2024-10-20T23:20:06-03:00"}
{"level":"info","message":"Inscrição geral criada com ID: 38 para a localidade: BOM JESUS DO TOCANTINS","timestamp":"2024-10-20T23:20:06-03:00"}
{"level":"info","message":"Inserção feita na tabela inscricao_0_6 com ID de inscrição: 38","timestamp":"2024-10-20T23:20:06-03:00"}
{"level":"info","message":"Inserção feita na tabela inscricao_7_10 com ID de inscrição: 38","timestamp":"2024-10-20T23:20:06-03:00"}
{"level":"info","message":"Inserção feita na tabela inscricao_10_acima com ID de inscrição: 38","timestamp":"2024-10-20T23:20:06-03:00"}
{"level":"info","message":"Nenhuma inscrição foi feita para o serviço (todos os valores são zero).","timestamp":"2024-10-20T23:20:06-03:00"}
{"level":"info","message":"Request: GET /localidades","timestamp":"2024-10-20T23:20:35-03:00"}
{"level":"info","message":"Consulta de localidade feita com sucesso.","timestamp":"2024-10-20T23:20:35-03:00"}
{"level":"info","message":"Request: GET /localidades","timestamp":"2024-10-20T23:20:51-03:00"}
{"level":"info","message":"Consulta de localidade feita com sucesso.","timestamp":"2024-10-20T23:20:51-03:00"}
{"level":"info","message":"Request: GET /localidades","timestamp":"2024-10-20T23:21:02-03:00"}
{"level":"info","message":"Consulta de localidade feita com sucesso.","timestamp":"2024-10-20T23:21:02-03:00"}
{"level":"info","message":"Request: GET /localidades","timestamp":"2024-10-20T23:21:29-03:00"}
{"level":"info","message":"Consulta de localidade feita com sucesso.","timestamp":"2024-10-20T23:21:29-03:00"}
{"level":"info","message":"Request: GET /localidades","timestamp":"2024-10-20T23:21:31-03:00"}
{"level":"info","message":"Consulta de localidade feita com sucesso.","timestamp":"2024-10-20T23:21:31-03:00"}
{"level":"info","message":"Request: POST /registro","timestamp":"2024-10-20T23:21:50-03:00"}
{"level":"info","message":"Inscrição geral criada com ID: 39 para a localidade: RAPOSA","timestamp":"2024-10-20T23:21:50-03:00"}
{"level":"info","message":"Inserção feita na tabela inscricao_0_6 com ID de inscrição: 39","timestamp":"2024-10-20T23:21:50-03:00"}
{"level":"info","message":"Inserção feita na tabela inscricao_7_10 com ID de inscrição: 39","timestamp":"2024-10-20T23:21:50-03:00"}
{"level":"info","message":"Inserção feita na tabela inscricao_10_acima com ID de inscrição: 39","timestamp":"2024-10-20T23:21:50-03:00"}
{"level":"info","message":"Nenhuma inscrição foi feita para o serviço (todos os valores são zero).","timestamp":"2024-10-20T23:21:50-03:00"}
{"level":"info","message":"Request: GET /localidades","timestamp":"2024-10-20T23:24:02-03:00"}
{"level":"info","message":"Consulta de localidade feita com sucesso.","timestamp":"2024-10-20T23:24:02-03:00"}
{"level":"info","message":"Request: GET /localidades","timestamp":"2024-10-20T23:26:36-03:00"}
{"level":"info","message":"Consulta de localidade feita com sucesso.","timestamp":"2024-10-20T23:26:36-03:00"}
{"level":"info","message":"Request: GET /localidades","timestamp":"2024-10-20T23:26:36-03:00"}
{"level":"info","message":"Consulta de localidade feita com sucesso.","timestamp":"2024-10-20T23:26:36-03:00"}
{"level":"info","message":"Request: GET /localidades","timestamp":"2024-10-20T23:27:06-03:00"}
{"level":"info","message":"Consulta de localidade feita com sucesso.","timestamp":"2024-10-20T23:27:06-03:00"}
{"level":"info","message":"Request: POST /registro","timestamp":"2024-10-20T23:27:34-03:00"}
{"level":"info","message":"Inscrição geral criada com ID: 40 para a localidade: BOM JESUS DO TOCANTINS","timestamp":"2024-10-20T23:27:34-03:00"}
{"level":"info","message":"Inserção feita na tabela inscricao_0_6 com ID de inscrição: 40","timestamp":"2024-10-20T23:27:34-03:00"}
{"level":"info","message":"Inserção feita na tabela inscricao_7_10 com ID de inscrição: 40","timestamp":"2024-10-20T23:27:34-03:00"}
{"level":"info","message":"Inserção feita na tabela inscricao_10_acima com ID de inscrição: 40","timestamp":"2024-10-20T23:27:34-03:00"}
{"level":"info","message":"Nenhuma inscrição foi feita para o serviço (todos os valores são zero).","timestamp":"2024-10-20T23:27:34-03:00"}
{"level":"info","message":"API iniciada com sucesso","timestamp":"2024-10-20T23:31:15-03:00"}
{"level":"info","message":"Conexão com o banco de dados estabelecida com sucesso.","timestamp":"2024-10-20T23:31:15-03:00"}
{"level":"info","message":"Request: POST /registro","timestamp":"2024-10-20T23:31:15-03:00"}
{"level":"info","message":"Inscrição geral criada com ID: 41 para a localidade: BOM JESUS DO TOCANTINS","timestamp":"2024-10-20T23:31:15-03:00"}
{"level":"info","message":"Inserção feita na tabela inscricao_0_6 com ID de inscrição: 41","timestamp":"2024-10-20T23:31:15-03:00"}
{"level":"info","message":"Inserção feita na tabela inscricao_7_10 com ID de inscrição: 41","timestamp":"2024-10-20T23:31:15-03:00"}
{"level":"info","message":"Inserção feita na tabela inscricao_10_acima com ID de inscrição: 41","timestamp":"2024-10-20T23:31:15-03:00"}
{"level":"info","message":"Nenhuma inscrição foi feita para o serviço (todos os valores são zero).","timestamp":"2024-10-20T23:31:15-03:00"}
{"level":"info","message":"Request: POST /registro","timestamp":"2024-10-20T23:31:30-03:00"}
{"level":"info","message":"Inscrição geral criada com ID: 42 para a localidade: BOM JESUS DO TOCANTINS","timestamp":"2024-10-20T23:31:30-03:00"}
{"level":"info","message":"Inserção feita na tabela inscricao_0_6 com ID de inscrição: 42","timestamp":"2024-10-20T23:31:30-03:00"}
{"level":"info","message":"Inserção feita na tabela inscricao_7_10 com ID de inscrição: 42","timestamp":"2024-10-20T23:31:30-03:00"}
{"level":"info","message":"Inserção feita na tabela inscricao_10_acima com ID de inscrição: 42","timestamp":"2024-10-20T23:31:30-03:00"}
{"level":"info","message":"Nenhuma inscrição foi feita para o serviço (todos os valores são zero).","timestamp":"2024-10-20T23:31:30-03:00"}
{"level":"info","message":"Request: POST /registro","timestamp":"2024-10-20T23:33:25-03:00"}
{"level":"info","message":"Inscrição geral criada com ID: 43 para a localidade: BOM JESUS DO TOCANTINS","timestamp":"2024-10-20T23:33:26-03:00"}
{"level":"info","message":"Inserção feita na tabela inscricao_0_6 com ID de inscrição: 43","timestamp":"2024-10-20T23:33:26-03:00"}
{"level":"info","message":"Inserção feita na tabela inscricao_7_10 com ID de inscrição: 43","timestamp":"2024-10-20T23:33:26-03:00"}
{"level":"info","message":"Inserção feita na tabela inscricao_10_acima com ID de inscrição: 43","timestamp":"2024-10-20T23:33:26-03:00"}
{"level":"info","message":"Nenhuma inscrição foi feita para o serviço (todos os valores são zero).","timestamp":"2024-10-20T23:33:26-03:00"}
{"level":"info","message":"Request: POST /registro","timestamp":"2024-10-20T23:33:33-03:00"}
{"level":"info","message":"Inscrição geral criada com ID: 44 para a localidade: BOM JESUS DO TOCANTINS","timestamp":"2024-10-20T23:33:33-03:00"}
{"level":"info","message":"Inserção feita na tabela inscricao_0_6 com ID de inscrição: 44","timestamp":"2024-10-20T23:33:33-03:00"}
{"level":"info","message":"Inserção feita na tabela inscricao_7_10 com ID de inscrição: 44","timestamp":"2024-10-20T23:33:33-03:00"}
{"level":"info","message":"Inserção feita na tabela inscricao_10_acima com ID de inscrição: 44","timestamp":"2024-10-20T23:33:33-03:00"}
{"level":"info","message":"Nenhuma inscrição foi feita para o serviço (todos os valores são zero).","timestamp":"2024-10-20T23:33:33-03:00"}
{"level":"info","message":"Request: POST /registro","timestamp":"2024-10-20T23:34:48-03:00"}
{"level":"info","message":"Inscrição geral criada com ID: 45 para a localidade: BOM JESUS DO TOCANTINS","timestamp":"2024-10-20T23:34:48-03:00"}
{"level":"info","message":"Inserção feita na tabela inscricao_0_6 com ID de inscrição: 45","timestamp":"2024-10-20T23:34:48-03:00"}
{"level":"info","message":"Inserção feita na tabela inscricao_7_10 com ID de inscrição: 45","timestamp":"2024-10-20T23:34:48-03:00"}
{"level":"info","message":"Inserção feita na tabela inscricao_10_acima com ID de inscrição: 45","timestamp":"2024-10-20T23:34:48-03:00"}
{"level":"info","message":"Nenhuma inscrição foi feita para o serviço (todos os valores são zero).","timestamp":"2024-10-20T23:34:48-03:00"}
{"level":"info","message":"Request: POST /registro","timestamp":"2024-10-20T23:35:13-03:00"}
{"level":"info","message":"Inscrição geral criada com ID: 46 para a localidade: BOM JESUS DO TOCANTINS","timestamp":"2024-10-20T23:35:13-03:00"}
{"level":"info","message":"Inserção feita na tabela inscricao_0_6 com ID de inscrição: 46","timestamp":"2024-10-20T23:35:13-03:00"}
{"level":"info","message":"Inserção feita na tabela inscricao_7_10 com ID de inscrição: 46","timestamp":"2024-10-20T23:35:13-03:00"}
{"level":"info","message":"Inserção feita na tabela inscricao_10_acima com ID de inscrição: 46","timestamp":"2024-10-20T23:35:13-03:00"}
{"level":"info","message":"Nenhuma inscrição foi feita para o serviço (todos os valores são zero).","timestamp":"2024-10-20T23:35:13-03:00"}
{"level":"info","message":"Request: GET /localidades","timestamp":"2024-10-20T23:38:07-03:00"}
{"level":"info","message":"Consulta de localidade feita com sucesso.","timestamp":"2024-10-20T23:38:07-03:00"}
{"level":"info","message":"Request: POST /registro","timestamp":"2024-10-20T23:38:30-03:00"}
{"level":"info","message":"Inscrição geral criada com ID: 47 para a localidade: BARCARENA","timestamp":"2024-10-20T23:38:30-03:00"}
{"level":"info","message":"Inserção feita na tabela inscricao_0_6 com ID de inscrição: 47","timestamp":"2024-10-20T23:38:30-03:00"}
{"level":"info","message":"Inserção feita na tabela inscricao_7_10 com ID de inscrição: 47","timestamp":"2024-10-20T23:38:30-03:00"}
{"level":"info","message":"Inserção feita na tabela inscricao_10_acima com ID de inscrição: 47","timestamp":"2024-10-20T23:38:30-03:00"}
{"level":"info","message":"Nenhuma inscrição foi feita para o serviço (todos os valores são zero).","timestamp":"2024-10-20T23:38:30-03:00"}
{"level":"info","message":"API iniciada com sucesso","timestamp":"2024-10-20T23:44:16-03:00"}
{"level":"info","message":"Conexão com o banco de dados estabelecida com sucesso.","timestamp":"2024-10-20T23:44:16-03:00"}
{"level":"info","message":"Request: POST /registro","timestamp":"2024-10-20T23:44:17-03:00"}
{"level":"info","message":"Inscrição geral criada com ID: 48 para a localidade: BARCARENA","timestamp":"2024-10-20T23:44:17-03:00"}
{"level":"info","message":"Request: POST /registro","timestamp":"2024-10-20T23:44:56-03:00"}
{"level":"info","message":"Inscrição geral criada com ID: 49 para a localidade: BARCARENA","timestamp":"2024-10-20T23:44:56-03:00"}
{"level":"info","message":"Request: POST /registro","timestamp":"2024-10-21T00:07:28-03:00"}
{"level":"info","message":"Inscrição geral criada com ID: 50 para a localidade: BARCARENA","timestamp":"2024-10-21T00:07:29-03:00"}
{"level":"info","message":"Request: GET /localidades","timestamp":"2024-10-21T00:22:39-03:00"}
{"level":"info","message":"Consulta de localidade feita com sucesso.","timestamp":"2024-10-21T00:22:39-03:00"}
{"level":"info","message":"API iniciada com sucesso","timestamp":"2024-10-21T00:28:09-03:00"}
{"level":"info","message":"Conexão com o banco de dados estabelecida com sucesso.","timestamp":"2024-10-21T00:28:09-03:00"}
{"level":"info","message":"API iniciada com sucesso","timestamp":"2024-10-21T00:28:42-03:00"}
{"level":"info","message":"Conexão com o banco de dados estabelecida com sucesso.","timestamp":"2024-10-21T00:28:42-03:00"}
{"level":"info","message":"Request: GET /localidades","timestamp":"2024-10-21T00:29:08-03:00"}
{"level":"info","message":"Consulta de localidade feita com sucesso.","timestamp":"2024-10-21T00:29:08-03:00"}
{"level":"info","message":"Request: GET /Bel%C3%A9m","timestamp":"2024-10-21T00:31:17-03:00"}
{"level":"info","message":"Request: GET /localidades?nome=Bel%C3%A9m","timestamp":"2024-10-21T00:32:38-03:00"}
{"level":"info","message":"Consulta de localidade feita com sucesso.","timestamp":"2024-10-21T00:32:38-03:00"}
{"level":"info","message":"Request: GET /localidades?nome=Bel%C3%A9m","timestamp":"2024-10-21T00:32:54-03:00"}
{"level":"info","message":"Consulta de localidade feita com sucesso.","timestamp":"2024-10-21T00:32:54-03:00"}
{"level":"info","message":"Request: GET /localidades?nome=Teresina","timestamp":"2024-10-21T00:33:05-03:00"}
{"level":"info","message":"Consulta de localidade feita com sucesso.","timestamp":"2024-10-21T00:33:05-03:00"}
{"level":"info","message":"Request: GET /localidades","timestamp":"2024-10-21T00:33:17-03:00"}
{"level":"info","message":"Consulta de localidade feita com sucesso.","timestamp":"2024-10-21T00:33:17-03:00"}
{"level":"info","message":"Request: GET /localidades?nome=Bel%C3%A9m","timestamp":"2024-10-21T00:35:10-03:00"}
{"level":"info","message":"Consulta de localidade feita com sucesso.","timestamp":"2024-10-21T00:35:10-03:00"}
{"level":"info","message":"Request: GET /localidades?nome=BEL%C3%89M","timestamp":"2024-10-21T00:35:37-03:00"}
{"level":"info","message":"Consulta de localidade feita com sucesso.","timestamp":"2024-10-21T00:35:37-03:00"}
{"level":"info","message":"Request: GET /localidades?nome=BEL%C3%89M","timestamp":"2024-10-21T00:35:55-03:00"}
{"level":"info","message":"Consulta de localidade feita com sucesso.","timestamp":"2024-10-21T00:35:55-03:00"}
{"level":"info","message":"Request: GET /localidades?nome=BEL%C3%89M","timestamp":"2024-10-21T00:40:00-03:00"}
{"level":"info","message":"Consulta de localidade feita com sucesso.","timestamp":"2024-10-21T00:40:00-03:00"}
{"level":"info","message":"Request: GET /localidades","timestamp":"2024-10-21T00:40:55-03:00"}
{"level":"info","message":"Consulta de localidade feita com sucesso.","timestamp":"2024-10-21T00:40:55-03:00"}
{"level":"info","message":"Request: GET /localidades?nome=BEL%C3%89M","timestamp":"2024-10-21T00:41:07-03:00"}
{"level":"info","message":"Consulta de localidade feita com sucesso.","timestamp":"2024-10-21T00:41:07-03:00"}
{"level":"info","message":"Request: GET /localidades?nome=BEL%C3%89M","timestamp":"2024-10-21T00:41:46-03:00"}
{"level":"info","message":"Consulta de localidade feita com sucesso.","timestamp":"2024-10-21T00:41:46-03:00"}
{"level":"info","message":"Request: GET /localidades?nome=BEL%C3%89M","timestamp":"2024-10-21T00:42:18-03:00"}
{"level":"info","message":"Consulta de localidade feita com sucesso.","timestamp":"2024-10-21T00:42:18-03:00"}
{"level":"info","message":"Request: GET /localidades","timestamp":"2024-10-21T00:47:07-03:00"}
{"level":"info","message":"Consulta de localidade feita com sucesso.","timestamp":"2024-10-21T00:47:07-03:00"}
{"level":"info","message":"Request: GET /localidades?nome=be","timestamp":"2024-10-21T00:51:34-03:00"}
{"level":"info","message":"Consulta de localidade feita com sucesso.","timestamp":"2024-10-21T00:51:34-03:00"}
{"level":"info","message":"Request: GET /localidades?nome=BEL%C3%89M","timestamp":"2024-10-21T00:54:03-03:00"}
{"level":"info","message":"Consulta de localidade feita com sucesso.","timestamp":"2024-10-21T00:54:03-03:00"}
{"level":"info","message":"Request: POST /pagamento","timestamp":"2024-10-21T00:55:21-03:00"}
{"level":"info","message":"Request: GET /localidades?nome=BEL%C3%89M","timestamp":"2024-10-21T00:56:06-03:00"}
{"level":"info","message":"Consulta de localidade feita com sucesso.","timestamp":"2024-10-21T00:56:06-03:00"}
{"level":"info","message":"Request: POST /pagamentos","timestamp":"2024-10-21T00:56:15-03:00"}
{"level":"info","message":"Request: GET /localidades?nome=BEL%C3%89M","timestamp":"2024-10-21T00:57:19-03:00"}
{"level":"info","message":"Consulta de localidade feita com sucesso.","timestamp":"2024-10-21T00:57:19-03:00"}
{"level":"info","message":"Request: POST /pagamento","timestamp":"2024-10-21T00:57:27-03:00"}
{"level":"info","message":"Request: POST /pagamento","timestamp":"2024-10-21T00:58:15-03:00"}
{"level":"info","message":"API iniciada com sucesso","timestamp":"2024-10-21T01:02:00-03:00"}
{"level":"info","message":"Conexão com o banco de dados estabelecida com sucesso.","timestamp":"2024-10-21T01:02:00-03:00"}
{"level":"info","message":"Request: POST /pagamento","timestamp":"2024-10-21T01:02:27-03:00"}
{"level":"error","message":"Erro ao registrar pagamento: error: não existe a relação \"inscricao\"","timestamp":"2024-10-21T01:02:27-03:00"}
{"level":"info","message":"Request: GET /localidades?nome=BEL%C3%89M","timestamp":"2024-10-21T01:02:38-03:00"}
{"level":"info","message":"Consulta de localidade feita com sucesso.","timestamp":"2024-10-21T01:02:38-03:00"}
{"level":"info","message":"Request: POST /pagamento","timestamp":"2024-10-21T01:02:48-03:00"}
{"level":"error","message":"Erro ao registrar pagamento: error: não existe a relação \"inscricao\"","timestamp":"2024-10-21T01:02:48-03:00"}
{"level":"info","message":"Request: GET /localidades?nome=BEL%C3%89M","timestamp":"2024-10-21T01:10:39-03:00"}
{"level":"info","message":"Consulta de localidade feita com sucesso.","timestamp":"2024-10-21T01:10:39-03:00"}
{"level":"info","message":"Request: POST /pagamento","timestamp":"2024-10-21T01:10:49-03:00"}
{"level":"error","message":"Erro ao registrar pagamento: error: não existe a relação \"inscricao\"","timestamp":"2024-10-21T01:10:49-03:00"}
{"level":"info","message":"Request: GET /localidades?nome=BEL%C3%89M","timestamp":"2024-10-21T01:11:16-03:00"}
{"level":"info","message":"Consulta de localidade feita com sucesso.","timestamp":"2024-10-21T01:11:16-03:00"}
{"level":"info","message":"API iniciada com sucesso","timestamp":"2024-10-21T01:11:24-03:00"}
{"level":"info","message":"Conexão com o banco de dados estabelecida com sucesso.","timestamp":"2024-10-21T01:11:24-03:00"}
{"level":"info","message":"Request: POST /pagamento","timestamp":"2024-10-21T01:11:38-03:00"}
{"level":"warn","message":"Inscrição não encontrada com ID: undefined","timestamp":"2024-10-21T01:11:38-03:00"}
{"level":"info","message":"API iniciada com sucesso","timestamp":"2024-10-21T01:38:47-03:00"}
{"level":"info","message":"Conexão com o banco de dados estabelecida com sucesso.","timestamp":"2024-10-21T01:38:47-03:00"}
{"level":"info","message":"Request: GET /localidades?nome=BEL%C3%89M","timestamp":"2024-10-21T01:43:05-03:00"}
{"level":"info","message":"Consulta de localidade feita com sucesso.","timestamp":"2024-10-21T01:43:05-03:00"}
{"level":"info","message":"Request: GET /localidades?nome=BEL%C3%89M","timestamp":"2024-10-21T01:46:39-03:00"}
{"level":"info","message":"Consulta de localidade feita com sucesso.","timestamp":"2024-10-21T01:46:39-03:00"}
{"level":"info","message":"Request: GET /localidades?nome=BEL%C3%89M","timestamp":"2024-10-21T01:47:37-03:00"}
{"level":"info","message":"Consulta de localidade feita com sucesso.","timestamp":"2024-10-21T01:47:37-03:00"}
{"level":"info","message":"Request: POST /pagamento","timestamp":"2024-10-21T01:47:51-03:00"}
{"level":"error","message":"Erro ao registrar pagamento: error: não existe a relação \"localidade\"","timestamp":"2024-10-21T01:47:51-03:00"}
{"level":"info","message":"API iniciada com sucesso","timestamp":"2024-10-21T01:50:02-03:00"}
{"level":"info","message":"Conexão com o banco de dados estabelecida com sucesso.","timestamp":"2024-10-21T01:50:02-03:00"}
{"level":"info","message":"Request: POST /pagamento","timestamp":"2024-10-21T01:50:32-03:00"}
{"level":"warn","message":"Inscrição não encontrada com ID: BELÉM,BELÉM","timestamp":"2024-10-21T01:50:32-03:00"}
{"level":"info","message":"API iniciada com sucesso","timestamp":"2024-10-21T01:58:37-03:00"}
{"level":"info","message":"Conexão com o banco de dados estabelecida com sucesso.","timestamp":"2024-10-21T01:58:37-03:00"}
{"level":"info","message":"Request: POST /pagamento","timestamp":"2024-10-21T01:58:49-03:00"}
{"level":"warn","message":"Inscrição não encontrada com ID: BELÉM,BELÉM","timestamp":"2024-10-21T01:58:49-03:00"}
{"level":"info","message":"Request: POST /pagamento","timestamp":"2024-10-21T02:00:26-03:00"}
{"level":"warn","message":"Inscrição não encontrada com ID: BELÉM,BELÉM","timestamp":"2024-10-21T02:00:26-03:00"}
{"level":"info","message":"Request: POST /pagamento","timestamp":"2024-10-21T02:03:31-03:00"}
{"level":"warn","message":"Inscrição não encontrada com ID: BELÉM,BELÉM","timestamp":"2024-10-21T02:03:31-03:00"}
{"level":"info","message":"Request: POST /pagamento","timestamp":"2024-10-21T02:05:13-03:00"}
{"level":"warn","message":"Inscrição não encontrada com ID: BELÉM,BELÉM","timestamp":"2024-10-21T02:05:13-03:00"}
{"level":"info","message":"Request: POST /pagamento","timestamp":"2024-10-21T02:06:50-03:00"}
{"level":"warn","message":"Inscrição não encontrada com ID: BELÉM,BELÉM","timestamp":"2024-10-21T02:06:50-03:00"}
{"level":"info","message":"API iniciada com sucesso","timestamp":"2024-10-21T02:07:24-03:00"}
{"level":"info","message":"Conexão com o banco de dados estabelecida com sucesso.","timestamp":"2024-10-21T02:07:24-03:00"}
{"level":"info","message":"Request: POST /pagamento","timestamp":"2024-10-21T02:07:31-03:00"}
{"level":"warn","message":"Inscrição não encontrada com ID: BELÉM,BELÉM","timestamp":"2024-10-21T02:07:31-03:00"}
{"level":"info","message":"Request: POST /pagamento","timestamp":"2024-10-21T02:08:17-03:00"}
{"level":"warn","message":"Inscrição não encontrada com ID: BELÉM,BELÉM","timestamp":"2024-10-21T02:08:17-03:00"}
{"level":"info","message":"Request: POST /pagamento","timestamp":"2024-10-21T02:10:19-03:00"}
{"level":"warn","message":"Inscrição não encontrada com ID: BELÉM,BELÉM","timestamp":"2024-10-21T02:10:19-03:00"}
{"level":"info","message":"Request: GET /localidades","timestamp":"2024-10-21T02:17:47-03:00"}
{"level":"info","message":"Consulta de localidade feita com sucesso.","timestamp":"2024-10-21T02:17:47-03:00"}
{"level":"info","message":"Request: GET /localidades","timestamp":"2024-10-21T03:04:24-03:00"}
{"level":"info","message":"Consulta de localidade feita com sucesso.","timestamp":"2024-10-21T03:04:24-03:00"}
{"level":"info","message":"Request: GET /localidades","timestamp":"2024-10-21T03:04:35-03:00"}
{"level":"info","message":"Consulta de localidade feita com sucesso.","timestamp":"2024-10-21T03:04:35-03:00"}
{"level":"info","message":"Request: GET /localidades","timestamp":"2024-10-21T03:05:21-03:00"}
{"level":"info","message":"Consulta de localidade feita com sucesso.","timestamp":"2024-10-21T03:05:21-03:00"}
{"level":"info","message":"Request: GET /localidades","timestamp":"2024-10-21T03:06:33-03:00"}
{"level":"info","message":"Consulta de localidade feita com sucesso.","timestamp":"2024-10-21T03:06:33-03:00"}
{"level":"info","message":"Request: GET /localidades","timestamp":"2024-10-21T03:08:19-03:00"}
{"level":"info","message":"Consulta de localidade feita com sucesso.","timestamp":"2024-10-21T03:08:19-03:00"}
{"level":"info","message":"Request: GET /localidades","timestamp":"2024-10-21T03:08:31-03:00"}
{"level":"info","message":"Consulta de localidade feita com sucesso.","timestamp":"2024-10-21T03:08:31-03:00"}
{"level":"info","message":"Request: GET /localidades","timestamp":"2024-10-21T03:10:29-03:00"}
{"level":"info","message":"Consulta de localidade feita com sucesso.","timestamp":"2024-10-21T03:10:29-03:00"}
{"level":"info","message":"Request: GET /localidades","timestamp":"2024-10-21T03:16:03-03:00"}
{"level":"info","message":"Consulta de localidade feita com sucesso.","timestamp":"2024-10-21T03:16:03-03:00"}
{"level":"info","message":"Request: GET /localidades","timestamp":"2024-10-21T03:16:03-03:00"}
{"level":"info","message":"Consulta de localidade feita com sucesso.","timestamp":"2024-10-21T03:16:03-03:00"}
{"level":"info","message":"Request: GET /localidades","timestamp":"2024-10-21T03:16:30-03:00"}
{"level":"info","message":"Consulta de localidade feita com sucesso.","timestamp":"2024-10-21T03:16:30-03:00"}
{"level":"info","message":"Request: GET /localidades","timestamp":"2024-10-21T03:19:31-03:00"}
{"level":"info","message":"Consulta de localidade feita com sucesso.","timestamp":"2024-10-21T03:19:31-03:00"}
{"level":"info","message":"Request: GET /localidades","timestamp":"2024-10-21T03:19:56-03:00"}
{"level":"info","message":"Consulta de localidade feita com sucesso.","timestamp":"2024-10-21T03:19:56-03:00"}
{"level":"info","message":"Request: GET /localidades","timestamp":"2024-10-21T03:21:17-03:00"}
{"level":"info","message":"Consulta de localidade feita com sucesso.","timestamp":"2024-10-21T03:21:17-03:00"}
{"level":"info","message":"Request: GET /localidades","timestamp":"2024-10-21T03:23:06-03:00"}
{"level":"info","message":"Consulta de localidade feita com sucesso.","timestamp":"2024-10-21T03:23:06-03:00"}
{"level":"info","message":"Request: GET /localidades","timestamp":"2024-10-21T03:23:22-03:00"}
{"level":"info","message":"Consulta de localidade feita com sucesso.","timestamp":"2024-10-21T03:23:22-03:00"}
{"level":"info","message":"Request: GET /localidades","timestamp":"2024-10-21T03:23:24-03:00"}
{"level":"info","message":"Consulta de localidade feita com sucesso.","timestamp":"2024-10-21T03:23:24-03:00"}
{"level":"info","message":"Request: GET /localidades","timestamp":"2024-10-21T03:23:46-03:00"}
{"level":"info","message":"Consulta de localidade feita com sucesso.","timestamp":"2024-10-21T03:23:46-03:00"}
{"level":"info","message":"Request: GET /localidades","timestamp":"2024-10-21T03:23:53-03:00"}
{"level":"info","message":"Consulta de localidade feita com sucesso.","timestamp":"2024-10-21T03:23:53-03:00"}
{"level":"info","message":"Request: GET /localidades","timestamp":"2024-10-21T03:24:10-03:00"}
{"level":"info","message":"Consulta de localidade feita com sucesso.","timestamp":"2024-10-21T03:24:10-03:00"}
{"level":"info","message":"Request: GET /localidades?nome=BEL%C3%89M","timestamp":"2024-10-21T03:24:28-03:00"}
{"level":"info","message":"Consulta de localidade feita com sucesso.","timestamp":"2024-10-21T03:24:28-03:00"}
{"level":"info","message":"Request: GET /localidades?nome=BEL%C3%89M","timestamp":"2024-10-21T03:25:48-03:00"}
{"level":"info","message":"Consulta de localidade feita com sucesso.","timestamp":"2024-10-21T03:25:48-03:00"}
{"level":"info","message":"Request: GET /localidades?nome=BEL%C3%89M","timestamp":"2024-10-21T03:39:50-03:00"}
{"level":"info","message":"Consulta de localidade feita com sucesso.","timestamp":"2024-10-21T03:39:50-03:00"}
{"level":"info","message":"Request: GET /localidades?nome=BEL%C3%89M","timestamp":"2024-10-21T03:47:41-03:00"}
{"level":"info","message":"Consulta de localidade feita com sucesso.","timestamp":"2024-10-21T03:47:41-03:00"}
{"level":"info","message":"Request: POST /pagamento","timestamp":"2024-10-21T03:47:51-03:00"}
{"level":"error","message":"Erro ao registrar pagamento: error: não existe a coluna \"comprovante_pagamento\" da relação \"pagamento\"","timestamp":"2024-10-21T03:47:51-03:00"}
{"level":"info","message":"Request: POST /pagamento","timestamp":"2024-10-21T03:51:24-03:00"}
{"level":"error","message":"Erro ao registrar pagamento: error: não existe a coluna \"comprovante_pagamento\" da relação \"pagamento\"","timestamp":"2024-10-21T03:51:24-03:00"}
{"level":"info","message":"API iniciada com sucesso","timestamp":"2024-10-21T03:52:05-03:00"}
{"level":"info","message":"Conexão com o banco de dados estabelecida com sucesso.","timestamp":"2024-10-21T03:52:05-03:00"}
{"level":"info","message":"Request: POST /pagamento","timestamp":"2024-10-21T03:52:12-03:00"}
{"level":"info","message":"Pagamento registrado com sucesso, ID: 1","timestamp":"2024-10-21T03:52:12-03:00"}
{"level":"info","message":"Saldo da localidade atualizado após o pagamento, nova entrada: 20","timestamp":"2024-10-21T03:52:12-03:00"}
{"level":"info","message":"Request: GET /localidades","timestamp":"2024-10-21T03:58:34-03:00"}
{"level":"info","message":"Consulta de localidade feita com sucesso.","timestamp":"2024-10-21T03:58:34-03:00"}
{"level":"info","message":"Request: GET /localidades","timestamp":"2024-10-21T04:00:19-03:00"}
{"level":"info","message":"Consulta de localidade feita com sucesso.","timestamp":"2024-10-21T04:00:19-03:00"}
{"level":"info","message":"Request: GET /localidades","timestamp":"2024-10-21T04:00:22-03:00"}
{"level":"info","message":"Consulta de localidade feita com sucesso.","timestamp":"2024-10-21T04:00:22-03:00"}
{"level":"info","message":"Request: GET /localidades","timestamp":"2024-10-21T04:00:22-03:00"}
{"level":"info","message":"Consulta de localidade feita com sucesso.","timestamp":"2024-10-21T04:00:22-03:00"}
{"level":"info","message":"Request: GET /localidades","timestamp":"2024-10-21T04:00:23-03:00"}
{"level":"info","message":"Consulta de localidade feita com sucesso.","timestamp":"2024-10-21T04:00:23-03:00"}
{"level":"info","message":"Request: GET /localidades","timestamp":"2024-10-21T04:00:23-03:00"}
{"level":"info","message":"Consulta de localidade feita com sucesso.","timestamp":"2024-10-21T04:00:23-03:00"}
{"level":"info","message":"Request: GET /localidades","timestamp":"2024-10-21T04:00:24-03:00"}
{"level":"info","message":"Consulta de localidade feita com sucesso.","timestamp":"2024-10-21T04:00:24-03:00"}
{"level":"info","message":"Request: GET /localidades","timestamp":"2024-10-21T04:00:27-03:00"}
{"level":"info","message":"Consulta de localidade feita com sucesso.","timestamp":"2024-10-21T04:00:27-03:00"}
{"level":"info","message":"Request: GET /localidades","timestamp":"2024-10-21T04:00:36-03:00"}
{"level":"info","message":"Consulta de localidade feita com sucesso.","timestamp":"2024-10-21T04:00:36-03:00"}
{"level":"info","message":"Request: GET /localidades","timestamp":"2024-10-21T04:00:40-03:00"}
{"level":"info","message":"Consulta de localidade feita com sucesso.","timestamp":"2024-10-21T04:00:40-03:00"}
{"level":"info","message":"API iniciada com sucesso","timestamp":"2024-10-21T04:30:38-03:00"}
{"level":"info","message":"Conexão com o banco de dados estabelecida com sucesso.","timestamp":"2024-10-21T04:30:38-03:00"}
{"level":"info","message":"Request: GET /localidades","timestamp":"2024-10-21T04:30:43-03:00"}
{"level":"info","message":"Consulta de localidade feita com sucesso.","timestamp":"2024-10-21T04:30:43-03:00"}
{"level":"info","message":"Request: POST /registro","timestamp":"2024-10-21T04:31:33-03:00"}
{"level":"info","message":"Inscrição geral criada com ID: 51 para a localidade: CANAÃ DOS CARAJÁS","timestamp":"2024-10-21T04:31:33-03:00"}
{"level":"info","message":"Request: POST /registro","timestamp":"2024-10-21T04:37:52-03:00"}
{"level":"info","message":"Inscrição geral criada com ID: 52 para a localidade: CANAÃ DOS CARAJÁS","timestamp":"2024-10-21T04:37:52-03:00"}
{"level":"info","message":"API iniciada com sucesso","timestamp":"2024-10-21T04:40:41-03:00"}
{"level":"info","message":"Conexão com o banco de dados estabelecida com sucesso.","timestamp":"2024-10-21T04:40:41-03:00"}
{"level":"info","message":"Request: GET /localidades","timestamp":"2024-10-21T04:40:54-03:00"}
{"level":"info","message":"Consulta de localidade feita com sucesso.","timestamp":"2024-10-21T04:40:54-03:00"}
{"level":"info","message":"Request: POST /registro","timestamp":"2024-10-21T04:41:19-03:00"}
{"level":"info","message":"Inscrição geral criada com ID: 53 para a localidade: ALTAMIRA","timestamp":"2024-10-21T04:41:19-03:00"}
{"level":"info","message":"Sucesso ao inserir na tabela inscricao_0_6: tipo_inscricao_id = 5 para ID de inscrição: 53, registro ID: 53","timestamp":"2024-10-21T04:41:19-03:00"}
{"level":"info","message":"Sucesso ao inserir na tabela inscricao_7_10: tipo_inscricao_id = 2 para ID de inscrição: 53","timestamp":"2024-10-21T04:41:19-03:00"}
{"level":"info","message":"Sucesso ao inserir na tabela inscricao_10_acima: tipo_inscricao_id = 1 para ID de inscrição: 53","timestamp":"2024-10-21T04:41:19-03:00"}
{"level":"info","message":"Request: POST /registro","timestamp":"2024-10-21T04:55:33-03:00"}
{"level":"info","message":"Inscrição geral criada com ID: 54 para a localidade: ALTAMIRA","timestamp":"2024-10-21T04:55:33-03:00"}
{"level":"info","message":"Sucesso ao inserir na tabela inscricao_0_6: tipo_inscricao_id = 5 para ID de inscrição: 54, registro ID: 54","timestamp":"2024-10-21T04:55:33-03:00"}
{"level":"info","message":"Sucesso ao inserir na tabela inscricao_7_10: tipo_inscricao_id = 2 para ID de inscrição: 54","timestamp":"2024-10-21T04:55:33-03:00"}
{"level":"info","message":"Sucesso ao inserir na tabela inscricao_10_acima: tipo_inscricao_id = 1 para ID de inscrição: 54","timestamp":"2024-10-21T04:55:33-03:00"}
{"level":"info","message":"API iniciada com sucesso","timestamp":"2024-10-21T05:32:02-03:00"}
{"level":"info","message":"Conexão com o banco de dados estabelecida com sucesso.","timestamp":"2024-10-21T05:32:02-03:00"}
{"level":"info","message":"Request: GET /localidades","timestamp":"2024-10-21T05:32:18-03:00"}
{"level":"info","message":"Consulta de localidade feita com sucesso.","timestamp":"2024-10-21T05:32:18-03:00"}
{"level":"info","message":"Request: POST /registro","timestamp":"2024-10-21T05:36:19-03:00"}
{"level":"info","message":"Inscrição geral criada com ID: 55 para a localidade: BELÉM","timestamp":"2024-10-21T05:36:19-03:00"}
{"level":"info","message":"Sucesso ao inserir na tabela inscricao_0_6: tipo_inscricao_id = 5 para ID de inscrição: 55, registro ID: 55","timestamp":"2024-10-21T05:36:19-03:00"}
{"level":"info","message":"Total para faixa etária 7-10: 6600 (quantidade: 55, valor: 120)","timestamp":"2024-10-21T05:36:19-03:00"}
{"level":"info","message":"Sucesso ao inserir na tabela inscricao_7_10: tipo_inscricao_id = 2, valor = 120 para ID de inscrição: 55","timestamp":"2024-10-21T05:36:19-03:00"}
{"level":"info","message":"Total para faixa etária 10+: 11000 (quantidade: 55, valor: 200)","timestamp":"2024-10-21T05:36:19-03:00"}
{"level":"info","message":"Sucesso ao inserir na tabela inscricao_10_acima: tipo_inscricao_id = 1, valor = 200 para ID de inscrição: 55","timestamp":"2024-10-21T05:36:19-03:00"}
{"level":"info","message":"Total para serviços: 5500 (quantidade: 55, valor: 100)","timestamp":"2024-10-21T05:36:19-03:00"}
{"level":"info","message":"Sucesso ao inserir na tabela inscricao_servico: tipo_inscricao_id = 3, valor = 100 para ID de inscrição: 55","timestamp":"2024-10-21T05:36:19-03:00"}
{"level":"info","message":"Request: POST /registro","timestamp":"2024-10-21T05:37:59-03:00"}
{"level":"info","message":"Inscrição geral criada com ID: 56 para a localidade: BELÉM","timestamp":"2024-10-21T05:37:59-03:00"}
{"level":"info","message":"Sucesso ao inserir na tabela inscricao_0_6: tipo_inscricao_id = 5 para ID de inscrição: 56, registro ID: 56","timestamp":"2024-10-21T05:37:59-03:00"}
{"level":"info","message":"Total para faixa etária 7-10: 6600 (quantidade: 55, valor: 120)","timestamp":"2024-10-21T05:37:59-03:00"}
{"level":"info","message":"Sucesso ao inserir na tabela inscricao_7_10: tipo_inscricao_id = 2, valor = 120 para ID de inscrição: 56","timestamp":"2024-10-21T05:37:59-03:00"}
{"level":"info","message":"Total para faixa etária 10+: 11000 (quantidade: 55, valor: 200)","timestamp":"2024-10-21T05:37:59-03:00"}
{"level":"info","message":"Sucesso ao inserir na tabela inscricao_10_acima: tipo_inscricao_id = 1, valor = 200 para ID de inscrição: 56","timestamp":"2024-10-21T05:37:59-03:00"}
{"level":"info","message":"Total para serviços: 5500 (quantidade: 55, valor: 100)","timestamp":"2024-10-21T05:37:59-03:00"}
{"level":"info","message":"Sucesso ao inserir na tabela inscricao_servico: tipo_inscricao_id = 3, valor = 100 para ID de inscrição: 56","timestamp":"2024-10-21T05:37:59-03:00"}
{"level":"info","message":"Request: POST /registro","timestamp":"2024-10-21T05:39:27-03:00"}
{"level":"info","message":"Inscrição geral criada com ID: 57 para a localidade: BELÉM","timestamp":"2024-10-21T05:39:27-03:00"}
{"level":"info","message":"Sucesso ao inserir na tabela inscricao_0_6: tipo_inscricao_id = 5 para ID de inscrição: 57, registro ID: 57","timestamp":"2024-10-21T05:39:27-03:00"}
{"level":"info","message":"Total para faixa etária 7-10: 6600 (quantidade: 55, valor: 120)","timestamp":"2024-10-21T05:39:27-03:00"}
{"level":"info","message":"Sucesso ao inserir na tabela inscricao_7_10: tipo_inscricao_id = 2, valor = 120 para ID de inscrição: 57","timestamp":"2024-10-21T05:39:27-03:00"}
{"level":"info","message":"Total para faixa etária 10+: 11000 (quantidade: 55, valor: 200)","timestamp":"2024-10-21T05:39:27-03:00"}
{"level":"info","message":"Sucesso ao inserir na tabela inscricao_10_acima: tipo_inscricao_id = 1, valor = 200 para ID de inscrição: 57","timestamp":"2024-10-21T05:39:27-03:00"}
{"level":"info","message":"Total para serviços: 5500 (quantidade: 55, valor: 100)","timestamp":"2024-10-21T05:39:27-03:00"}
{"level":"info","message":"Sucesso ao inserir na tabela inscricao_servico: tipo_inscricao_id = 3, valor = 100 para ID de inscrição: 57","timestamp":"2024-10-21T05:39:27-03:00"}
{"level":"info","message":"API iniciada com sucesso","timestamp":"2024-10-21T05:39:55-03:00"}
{"level":"info","message":"Conexão com o banco de dados estabelecida com sucesso.","timestamp":"2024-10-21T05:39:55-03:00"}
{"level":"info","message":"Request: POST /registro","timestamp":"2024-10-21T05:40:28-03:00"}
{"level":"info","message":"Inscrição geral criada com ID: 58 para a localidade: BELÉM","timestamp":"2024-10-21T05:40:29-03:00"}
{"level":"info","message":"Sucesso ao inserir na tabela inscricao_0_6: tipo_inscricao_id = 5 para ID de inscrição: 58, registro ID: 58","timestamp":"2024-10-21T05:40:29-03:00"}
{"level":"info","message":"Total para faixa etária 7-10: 6600 (quantidade: 55, valor: 120)","timestamp":"2024-10-21T05:40:29-03:00"}
{"level":"info","message":"Sucesso ao inserir na tabela inscricao_7_10: tipo_inscricao_id = 2, valor = 120 para ID de inscrição: 58","timestamp":"2024-10-21T05:40:29-03:00"}
{"level":"info","message":"Total para faixa etária 10+: 11000 (quantidade: 55, valor: 200)","timestamp":"2024-10-21T05:40:29-03:00"}
{"level":"info","message":"Sucesso ao inserir na tabela inscricao_10_acima: tipo_inscricao_id = 1, valor = 200 para ID de inscrição: 58","timestamp":"2024-10-21T05:40:29-03:00"}
{"level":"info","message":"Total para serviços: 5500 (quantidade: 55, valor: 100)","timestamp":"2024-10-21T05:40:29-03:00"}
{"level":"info","message":"Sucesso ao inserir na tabela inscricao_servico: tipo_inscricao_id = 3, valor = 100 para ID de inscrição: 58","timestamp":"2024-10-21T05:40:29-03:00"}
{"level":"info","message":"Request: POST /registro","timestamp":"2024-10-21T05:47:47-03:00"}
{"level":"info","message":"Inscrição geral criada com ID: 59 para a localidade: BELÉM","timestamp":"2024-10-21T05:47:47-03:00"}
{"level":"info","message":"Sucesso ao inserir na tabela inscricao_0_6: tipo_inscricao_id = 5 para ID de inscrição: 59, registro ID: 59","timestamp":"2024-10-21T05:47:47-03:00"}
{"level":"info","message":"Total para faixa etária 7-10: 6600 (quantidade: 55, valor: 120)","timestamp":"2024-10-21T05:47:47-03:00"}
{"level":"info","message":"Sucesso ao inserir na tabela inscricao_7_10: tipo_inscricao_id = 2, valor = 120 para ID de inscrição: 59","timestamp":"2024-10-21T05:47:47-03:00"}
{"level":"info","message":"Total para faixa etária 10+: 11000 (quantidade: 55, valor: 200)","timestamp":"2024-10-21T05:47:47-03:00"}
{"level":"info","message":"Sucesso ao inserir na tabela inscricao_10_acima: tipo_inscricao_id = 1, valor = 200 para ID de inscrição: 59","timestamp":"2024-10-21T05:47:47-03:00"}
{"level":"info","message":"Total para serviços: 5500 (quantidade: 55, valor: 100)","timestamp":"2024-10-21T05:47:47-03:00"}
{"level":"info","message":"Sucesso ao inserir na tabela inscricao_servico: tipo_inscricao_id = 3, valor = 100 para ID de inscrição: 59","timestamp":"2024-10-21T05:47:47-03:00"}
{"level":"info","message":"API iniciada com sucesso","timestamp":"2024-10-21T05:48:13-03:00"}
{"level":"info","message":"Conexão com o banco de dados estabelecida com sucesso.","timestamp":"2024-10-21T05:48:13-03:00"}
{"level":"info","message":"Request: POST /registro","timestamp":"2024-10-21T05:48:48-03:00"}
{"level":"info","message":"Inscrição geral criada com ID: 60 para a localidade: BELÉM","timestamp":"2024-10-21T05:48:48-03:00"}
{"level":"info","message":"Sucesso ao inserir na tabela inscricao_0_6: tipo_inscricao_id = 5 para ID de inscrição: 60, registro ID: 60","timestamp":"2024-10-21T05:48:48-03:00"}
{"level":"info","message":"sucesso ao inserir os dados na tabela inscricao_7_10 para a localidadeBELÉM,","timestamp":"2024-10-21T05:48:48-03:00"}
{"level":"info","message":"Total para faixa etária 7-10: 1200 (quantidade: 10, valor: 120)","timestamp":"2024-10-21T05:48:48-03:00"}
{"level":"info","message":"Sucesso ao inserir na tabela inscricao_7_10: tipo_inscricao_id = 2, valor = 120 para ID de inscrição: 60","timestamp":"2024-10-21T05:48:48-03:00"}
{"level":"info","message":"Total para faixa etária 10+: 2000 (quantidade: 10, valor: 200)","timestamp":"2024-10-21T05:48:48-03:00"}
{"level":"info","message":"Sucesso ao inserir na tabela inscricao_10_acima: tipo_inscricao_id = 1, valor = 200 para ID de inscrição: 60","timestamp":"2024-10-21T05:48:48-03:00"}
{"level":"info","message":"Total para serviços: 1000 (quantidade: 10, valor: 100)","timestamp":"2024-10-21T05:48:48-03:00"}
{"level":"info","message":"Sucesso ao inserir na tabela inscricao_servico: tipo_inscricao_id = 3, valor = 100 para ID de inscrição: 60","timestamp":"2024-10-21T05:48:48-03:00"}
{"level":"info","message":"Request: GET /localidades?nome=BEL%C3%89M","timestamp":"2024-10-21T05:49:35-03:00"}
{"level":"info","message":"Consulta de localidade feita com sucesso.","timestamp":"2024-10-21T05:49:35-03:00"}
{"level":"info","message":"Request: POST /pagamento","timestamp":"2024-10-21T05:49:47-03:00"}
{"level":"info","message":"Pagamento registrado com sucesso, ID: 2","timestamp":"2024-10-21T05:49:47-03:00"}
{"level":"info","message":"Saldo da localidade atualizado após o pagamento, nova entrada: 200","timestamp":"2024-10-21T05:49:47-03:00"}
{"level":"info","message":"Request: GET /localidades","timestamp":"2024-10-21T14:52:45-03:00"}
{"level":"info","message":"Consulta de localidade feita com sucesso.","timestamp":"2024-10-21T14:52:45-03:00"}
{"level":"info","message":"Request: GET /localidades","timestamp":"2024-10-21T14:55:30-03:00"}
{"level":"info","message":"Consulta de localidade feita com sucesso.","timestamp":"2024-10-21T14:55:30-03:00"}
{"level":"info","message":"Request: GET /localidades","timestamp":"2024-10-21T14:55:46-03:00"}
{"level":"info","message":"Consulta de localidade feita com sucesso.","timestamp":"2024-10-21T14:55:46-03:00"}
{"level":"info","message":"Request: POST /registro","timestamp":"2024-10-21T14:56:35-03:00"}
{"level":"info","message":"Inscrição geral criada com ID: 61 para a localidade: BELÉM","timestamp":"2024-10-21T14:56:35-03:00"}
{"level":"info","message":"Sucesso ao inserir na tabela inscricao_0_6: tipo_inscricao_id = 5 para ID de inscrição: 61, registro ID: 61","timestamp":"2024-10-21T14:56:35-03:00"}
{"level":"info","message":"sucesso ao inserir os dados na tabela inscricao_7_10 para a localidadeBELÉM,","timestamp":"2024-10-21T14:56:35-03:00"}
{"level":"info","message":"Total para faixa etária 7-10: 1200 (quantidade: 10, valor: 120)","timestamp":"2024-10-21T14:56:35-03:00"}
{"level":"info","message":"Sucesso ao inserir na tabela inscricao_7_10: tipo_inscricao_id = 2, valor = 120 para ID de inscrição: 61","timestamp":"2024-10-21T14:56:35-03:00"}
{"level":"info","message":"Total para faixa etária 10+: 2000 (quantidade: 10, valor: 200)","timestamp":"2024-10-21T14:56:35-03:00"}
{"level":"info","message":"Sucesso ao inserir na tabela inscricao_10_acima: tipo_inscricao_id = 1, valor = 200 para ID de inscrição: 61","timestamp":"2024-10-21T14:56:35-03:00"}
{"level":"info","message":"Total para serviços: 1000 (quantidade: 10, valor: 100)","timestamp":"2024-10-21T14:56:35-03:00"}
{"level":"info","message":"Sucesso ao inserir na tabela inscricao_servico: tipo_inscricao_id = 3, valor = 100 para ID de inscrição: 61","timestamp":"2024-10-21T14:56:35-03:00"}
{"level":"info","message":"Request: GET /localidades?nome=BEL%C3%89M","timestamp":"2024-10-21T14:57:33-03:00"}
{"level":"info","message":"Consulta de localidade feita com sucesso.","timestamp":"2024-10-21T14:57:33-03:00"}
{"level":"info","message":"Request: POST /pagamento","timestamp":"2024-10-21T14:58:24-03:00"}
{"level":"info","message":"Pagamento registrado com sucesso, ID: 3","timestamp":"2024-10-21T14:58:24-03:00"}
{"level":"info","message":"Saldo da localidade atualizado após o pagamento, nova entrada: 200","timestamp":"2024-10-21T14:58:24-03:00"}
{"level":"info","message":"Request: GET /localidades","timestamp":"2024-10-21T15:07:46-03:00"}
{"level":"info","message":"Consulta de localidade feita com sucesso.","timestamp":"2024-10-21T15:07:46-03:00"}
{"level":"info","message":"Request: GET /localidades","timestamp":"2024-10-21T15:25:18-03:00"}
{"level":"info","message":"Consulta de localidade feita com sucesso.","timestamp":"2024-10-21T15:25:18-03:00"}
{"level":"info","message":"Request: GET /localidades","timestamp":"2024-10-21T15:25:23-03:00"}
{"level":"info","message":"Consulta de localidade feita com sucesso.","timestamp":"2024-10-21T15:25:23-03:00"}
{"level":"info","message":"Request: GET /localidades","timestamp":"2024-10-21T15:26:13-03:00"}
{"level":"info","message":"Consulta de localidade feita com sucesso.","timestamp":"2024-10-21T15:26:13-03:00"}
{"level":"info","message":"Request: GET /localidades","timestamp":"2024-10-21T15:26:28-03:00"}
{"level":"info","message":"Consulta de localidade feita com sucesso.","timestamp":"2024-10-21T15:26:28-03:00"}
{"level":"info","message":"Request: GET /localidades","timestamp":"2024-10-21T15:27:01-03:00"}
{"level":"info","message":"Consulta de localidade feita com sucesso.","timestamp":"2024-10-21T15:27:01-03:00"}
{"level":"info","message":"Request: GET /localidades","timestamp":"2024-10-21T15:27:09-03:00"}
{"level":"info","message":"Consulta de localidade feita com sucesso.","timestamp":"2024-10-21T15:27:09-03:00"}
{"level":"info","message":"Request: GET /localidades","timestamp":"2024-10-21T15:31:01-03:00"}
{"level":"info","message":"Consulta de localidade feita com sucesso.","timestamp":"2024-10-21T15:31:01-03:00"}
{"level":"info","message":"Request: GET /","timestamp":"2024-10-21T15:47:03-03:00"}
{"level":"info","message":"Rota de boas-vindas acessada","timestamp":"2024-10-21T15:47:03-03:00"}
{"level":"info","message":"Request: GET /favicon.ico","timestamp":"2024-10-21T15:47:03-03:00"}
